INFO: [SIM 2] *************** CSIM start ***************
INFO: [SIM 4] CSIM will launch GCC as the compiler.
   Compiling ../../../src/matmul_tb.cpp in debug mode
   Generating csim.exe
Hello!
A input
B input
2.540000
4.310000
3.150000
1.010000
0.000000
5.740000
6.840000
3.210000
3.170000
------------------
1.000000
0.000000
0.000000
0.000000
1.000000
0.000000
0.000000
0.000000
1.000000
------------------
2.540000
4.310000
3.150000
1.010000
0.000000
5.740000
6.840000
3.210000
3.170000
No Errors !!!
INFO [HLS SIM]: The maximum depth reached by any hls::stream() instance in the design is 18
INFO: [SIM 1] CSim done with 0 errors.
INFO: [SIM 3] *************** CSIM finish ***************
