

================================================================
== Vitis HLS Report for 'matmul_1_Pipeline_loop_input_B1_loop_input_B2'
================================================================
* Date:           Sun Jun 30 22:43:06 2024

* Version:        2023.2 (Build 4023990 on Oct 11 2023)
* Project:        MatMul
* Solution:       solution1 (Vivado IP Flow Target)
* Product family: virtexuplus
* Target device:  xcvu11p-flga2577-1-e


================================================================
== Performance Estimates
================================================================
+ Timing: 
    * Summary: 
    +--------+----------+----------+------------+
    |  Clock |  Target  | Estimated| Uncertainty|
    +--------+----------+----------+------------+
    |ap_clk  |  10.00 ns|  2.507 ns|     2.70 ns|
    +--------+----------+----------+------------+

+ Latency: 
    * Summary: 
    +---------+---------+----------+----------+-----+-----+---------+
    |  Latency (cycles) |  Latency (absolute) |  Interval | Pipeline|
    |   min   |   max   |    min   |    max   | min | max |   Type  |
    +---------+---------+----------+----------+-----+-----+---------+
    |       11|       11|  0.110 us|  0.110 us|   11|   11|       no|
    +---------+---------+----------+----------+-----+-----+---------+

    + Detail: 
        * Instance: 
        N/A

        * Loop: 
        +-------------------------------+---------+---------+----------+-----------+-----------+------+----------+
        |                               |  Latency (cycles) | Iteration|  Initiation Interval  | Trip |          |
        |           Loop Name           |   min   |   max   |  Latency |  achieved |   target  | Count| Pipelined|
        +-------------------------------+---------+---------+----------+-----------+-----------+------+----------+
        |- loop_input_B1_loop_input_B2  |        9|        9|         1|          1|          1|     9|       yes|
        +-------------------------------+---------+---------+----------+-----------+-----------+------+----------+



================================================================
== Utilization Estimates
================================================================
* Summary: 
+---------------------+---------+------+---------+---------+-----+
|         Name        | BRAM_18K|  DSP |    FF   |   LUT   | URAM|
+---------------------+---------+------+---------+---------+-----+
|DSP                  |        -|     -|        -|        -|    -|
|Expression           |        -|     -|        0|       57|    -|
|FIFO                 |        -|     -|        -|        -|    -|
|Instance             |        -|     -|        -|        -|    -|
|Memory               |        -|     -|        -|        -|    -|
|Multiplexer          |        -|     -|        -|       72|    -|
|Register             |        -|     -|      306|        -|    -|
+---------------------+---------+------+---------+---------+-----+
|Total                |        0|     0|      306|      129|    0|
+---------------------+---------+------+---------+---------+-----+
|Available SLR        |     1344|  3072|   864000|   432000|  320|
+---------------------+---------+------+---------+---------+-----+
|Utilization SLR (%)  |        0|     0|       ~0|       ~0|    0|
+---------------------+---------+------+---------+---------+-----+
|Available            |     4032|  9216|  2592000|  1296000|  960|
+---------------------+---------+------+---------+---------+-----+
|Utilization (%)      |        0|     0|       ~0|       ~0|    0|
+---------------------+---------+------+---------+---------+-----+

+ Detail: 
    * Instance: 
    N/A

    * DSP: 
    N/A

    * Memory: 
    N/A

    * FIFO: 
    N/A

    * Expression: 
    +----------------------------------+----------+----+---+----+------------+------------+
    |           Variable Name          | Operation| DSP| FF| LUT| Bitwidth P0| Bitwidth P1|
    +----------------------------------+----------+----+---+----+------------+------------+
    |add_ln36_1_fu_247_p2              |         +|   0|  0|  12|           4|           1|
    |add_ln36_fu_259_p2                |         +|   0|  0|   9|           2|           1|
    |add_ln38_fu_348_p2                |         +|   0|  0|   9|           2|           1|
    |icmp_ln36_fu_241_p2               |      icmp|   0|  0|  12|           4|           4|
    |icmp_ln38_fu_265_p2               |      icmp|   0|  0|   9|           2|           2|
    |ap_block_state1_pp0_stage0_iter0  |        or|   0|  0|   2|           1|           1|
    |select_ln14_fu_271_p3             |    select|   0|  0|   2|           1|           1|
    |select_ln36_fu_279_p3             |    select|   0|  0|   2|           1|           2|
    +----------------------------------+----------+----+---+----+------------+------------+
    |Total                             |          |   0|  0|  57|          17|          13|
    +----------------------------------+----------+----+---+----+------------+------------+

    * Multiplexer: 
    +----------------------------------------+----+-----------+-----+-----------+
    |                  Name                  | LUT| Input Size| Bits| Total Bits|
    +----------------------------------------+----+-----------+-----+-----------+
    |ap_done_int                             |   9|          2|    1|          2|
    |ap_sig_allocacmp_col_load               |   9|          2|    2|          4|
    |ap_sig_allocacmp_indvar_flatten41_load  |   9|          2|    4|          8|
    |ap_sig_allocacmp_row_load               |   9|          2|    2|          4|
    |col_fu_86                               |   9|          2|    2|          4|
    |in_A_TDATA_blk_n                        |   9|          2|    1|          2|
    |indvar_flatten41_fu_94                  |   9|          2|    4|          8|
    |row_fu_90                               |   9|          2|    2|          4|
    +----------------------------------------+----+-----------+-----+-----------+
    |Total                                   |  72|         16|   18|         36|
    +----------------------------------------+----+-----------+-----+-----------+

    * Register: 
    +------------------------+----+----+-----+-----------+
    |          Name          | FF | LUT| Bits| Const Bits|
    +------------------------+----+----+-----+-----------+
    |ap_CS_fsm               |   1|   0|    1|          0|
    |ap_done_reg             |   1|   0|    1|          0|
    |col_fu_86               |   2|   0|    2|          0|
    |empty_10_fu_106         |  32|   0|   32|          0|
    |empty_11_fu_110         |  32|   0|   32|          0|
    |empty_12_fu_114         |  32|   0|   32|          0|
    |empty_13_fu_118         |  32|   0|   32|          0|
    |empty_14_fu_122         |  32|   0|   32|          0|
    |empty_15_fu_126         |  32|   0|   32|          0|
    |empty_16_fu_130         |  32|   0|   32|          0|
    |empty_9_fu_102          |  32|   0|   32|          0|
    |empty_fu_98             |  32|   0|   32|          0|
    |indvar_flatten41_fu_94  |   4|   0|    4|          0|
    |p_phi7_fu_78            |   4|   0|    4|          0|
    |p_phi_fu_82             |   4|   0|    4|          0|
    |row_fu_90               |   2|   0|    2|          0|
    +------------------------+----+----+-----+-----------+
    |Total                   | 306|   0|  306|          0|
    +------------------------+----+----+-----+-----------+



================================================================
== Interface
================================================================
* Summary: 
+-------------------+-----+-----+------------+-----------------------------------------------+--------------+
|     RTL Ports     | Dir | Bits|  Protocol  |                 Source Object                 |    C Type    |
+-------------------+-----+-----+------------+-----------------------------------------------+--------------+
|ap_clk             |   in|    1|  ap_ctrl_hs|  matmul_1_Pipeline_loop_input_B1_loop_input_B2|  return value|
|ap_rst             |   in|    1|  ap_ctrl_hs|  matmul_1_Pipeline_loop_input_B1_loop_input_B2|  return value|
|ap_start           |   in|    1|  ap_ctrl_hs|  matmul_1_Pipeline_loop_input_B1_loop_input_B2|  return value|
|ap_done            |  out|    1|  ap_ctrl_hs|  matmul_1_Pipeline_loop_input_B1_loop_input_B2|  return value|
|ap_idle            |  out|    1|  ap_ctrl_hs|  matmul_1_Pipeline_loop_input_B1_loop_input_B2|  return value|
|ap_ready           |  out|    1|  ap_ctrl_hs|  matmul_1_Pipeline_loop_input_B1_loop_input_B2|  return value|
|in_A_TVALID        |   in|    1|        axis|                                  in_A_V_data_V|       pointer|
|in_A_TDATA         |   in|   32|        axis|                                  in_A_V_data_V|       pointer|
|in_A_TREADY        |  out|    1|        axis|                                  in_A_V_last_V|       pointer|
|in_A_TLAST         |   in|    1|        axis|                                  in_A_V_last_V|       pointer|
|in_A_TKEEP         |   in|    4|        axis|                                  in_A_V_keep_V|       pointer|
|in_A_TSTRB         |   in|    4|        axis|                                  in_A_V_strb_V|       pointer|
|p_out              |  out|   32|      ap_vld|                                          p_out|       pointer|
|p_out_ap_vld       |  out|    1|      ap_vld|                                          p_out|       pointer|
|p_out1             |  out|   32|      ap_vld|                                         p_out1|       pointer|
|p_out1_ap_vld      |  out|    1|      ap_vld|                                         p_out1|       pointer|
|p_out2             |  out|   32|      ap_vld|                                         p_out2|       pointer|
|p_out2_ap_vld      |  out|    1|      ap_vld|                                         p_out2|       pointer|
|p_out3             |  out|   32|      ap_vld|                                         p_out3|       pointer|
|p_out3_ap_vld      |  out|    1|      ap_vld|                                         p_out3|       pointer|
|p_out4             |  out|   32|      ap_vld|                                         p_out4|       pointer|
|p_out4_ap_vld      |  out|    1|      ap_vld|                                         p_out4|       pointer|
|p_out5             |  out|   32|      ap_vld|                                         p_out5|       pointer|
|p_out5_ap_vld      |  out|    1|      ap_vld|                                         p_out5|       pointer|
|p_out6             |  out|   32|      ap_vld|                                         p_out6|       pointer|
|p_out6_ap_vld      |  out|    1|      ap_vld|                                         p_out6|       pointer|
|p_out7             |  out|   32|      ap_vld|                                         p_out7|       pointer|
|p_out7_ap_vld      |  out|    1|      ap_vld|                                         p_out7|       pointer|
|p_out8             |  out|   32|      ap_vld|                                         p_out8|       pointer|
|p_out8_ap_vld      |  out|    1|      ap_vld|                                         p_out8|       pointer|
|p_phi_out          |  out|    4|      ap_vld|                                      p_phi_out|       pointer|
|p_phi_out_ap_vld   |  out|    1|      ap_vld|                                      p_phi_out|       pointer|
|p_phi7_out         |  out|    4|      ap_vld|                                     p_phi7_out|       pointer|
|p_phi7_out_ap_vld  |  out|    1|      ap_vld|                                     p_phi7_out|       pointer|
+-------------------+-----+-----+------------+-----------------------------------------------+--------------+

