#-----------------------------------------------------------
# Vivado v2023.2 (64-bit)
# SW Build 4029153 on Fri Oct 13 20:14:34 MDT 2023
# IP Build 4028589 on Sat Oct 14 00:45:43 MDT 2023
# SharedData Build 4025554 on Tue Oct 10 17:18:54 MDT 2023
# Start of session at: Sun Jul 28 15:00:03 2024
# Process ID: 2316
# Current directory: C:/OneDrive/Desktop/ViT/Weight_quantization/solution1/impl/ip
# Command line: vivado.exe -notrace -mode batch -source run_ippack.tcl
# Log file: C:/OneDrive/Desktop/ViT/Weight_quantization/solution1/impl/ip/vivado.log
# Journal file: C:/OneDrive/Desktop/ViT/Weight_quantization/solution1/impl/ip\vivado.jou
# Running On: DESKTOP-A2LG1N2, OS: Windows, CPU Frequency: 3000 MHz, CPU Physical cores: 4, Host memory: 8449 MB
#-----------------------------------------------------------
source run_ippack.tcl -notrace
create_project: Time (s): cpu = 00:00:05 ; elapsed = 00:00:07 . Memory (MB): peak = 568.598 ; gain = 180.492
INFO: [IP_Flow 19-234] Refreshing IP repositories
INFO: [IP_Flow 19-1704] No user IP repositories specified
INFO: [IP_Flow 19-2313] Loaded Vivado IP repository 'C:/Xilinx/Vivado/2023.2/data/ip'.
WARNING: [IP_Flow 19-4832] The IP name 'weight_quant_ddiv_64ns_64ns_64_13_no_dsp_1_ip' you have specified is long. The Windows operating system has path length limitations. It is recommended you use shorter names to reduce the likelihood of issues.
INFO: [IP_Flow 19-1686] Generating 'Synthesis' target for IP 'weight_quant_ddiv_64ns_64ns_64_13_no_dsp_1_ip'...
INFO: [IP_Flow 19-1686] Generating 'Simulation' target for IP 'weight_quant_ddiv_64ns_64ns_64_13_no_dsp_1_ip'...
WARNING: [IP_Flow 19-4832] The IP name 'weight_quant_fadd_32ns_32ns_32_3_full_dsp_1_ip' you have specified is long. The Windows operating system has path length limitations. It is recommended you use shorter names to reduce the likelihood of issues.
INFO: [IP_Flow 19-1686] Generating 'Synthesis' target for IP 'weight_quant_fadd_32ns_32ns_32_3_full_dsp_1_ip'...
INFO: [IP_Flow 19-1686] Generating 'Simulation' target for IP 'weight_quant_fadd_32ns_32ns_32_3_full_dsp_1_ip'...
WARNING: [IP_Flow 19-4832] The IP name 'weight_quant_fcmp_32ns_32ns_1_2_no_dsp_1_ip' you have specified is long. The Windows operating system has path length limitations. It is recommended you use shorter names to reduce the likelihood of issues.
INFO: [IP_Flow 19-1686] Generating 'Synthesis' target for IP 'weight_quant_fcmp_32ns_32ns_1_2_no_dsp_1_ip'...
INFO: [IP_Flow 19-1686] Generating 'Simulation' target for IP 'weight_quant_fcmp_32ns_32ns_1_2_no_dsp_1_ip'...
WARNING: [IP_Flow 19-4832] The IP name 'weight_quant_fdiv_32ns_32ns_32_7_no_dsp_1_ip' you have specified is long. The Windows operating system has path length limitations. It is recommended you use shorter names to reduce the likelihood of issues.
INFO: [IP_Flow 19-1686] Generating 'Synthesis' target for IP 'weight_quant_fdiv_32ns_32ns_32_7_no_dsp_1_ip'...
INFO: [IP_Flow 19-1686] Generating 'Simulation' target for IP 'weight_quant_fdiv_32ns_32ns_32_7_no_dsp_1_ip'...
WARNING: [IP_Flow 19-4832] The IP name 'weight_quant_fmul_32ns_32ns_32_2_max_dsp_1_ip' you have specified is long. The Windows operating system has path length limitations. It is recommended you use shorter names to reduce the likelihood of issues.
INFO: [IP_Flow 19-1686] Generating 'Synthesis' target for IP 'weight_quant_fmul_32ns_32ns_32_2_max_dsp_1_ip'...
INFO: [IP_Flow 19-1686] Generating 'Simulation' target for IP 'weight_quant_fmul_32ns_32ns_32_2_max_dsp_1_ip'...
WARNING: [IP_Flow 19-4832] The IP name 'weight_quant_fpext_32ns_64_1_no_dsp_1_ip' you have specified is long. The Windows operating system has path length limitations. It is recommended you use shorter names to reduce the likelihood of issues.
INFO: [IP_Flow 19-1686] Generating 'Synthesis' target for IP 'weight_quant_fpext_32ns_64_1_no_dsp_1_ip'...
INFO: [IP_Flow 19-1686] Generating 'Simulation' target for IP 'weight_quant_fpext_32ns_64_1_no_dsp_1_ip'...
WARNING: [IP_Flow 19-4832] The IP name 'weight_quant_fptrunc_64ns_32_2_no_dsp_1_ip' you have specified is long. The Windows operating system has path length limitations. It is recommended you use shorter names to reduce the likelihood of issues.
INFO: [IP_Flow 19-1686] Generating 'Synthesis' target for IP 'weight_quant_fptrunc_64ns_32_2_no_dsp_1_ip'...
INFO: [IP_Flow 19-1686] Generating 'Simulation' target for IP 'weight_quant_fptrunc_64ns_32_2_no_dsp_1_ip'...
INFO: [IP_Flow 19-234] Refreshing IP repositories
INFO: [IP_Flow 19-1704] No user IP repositories specified
INFO: [IP_Flow 19-2313] Loaded Vivado IP repository 'C:/Xilinx/Vivado/2023.2/data/ip'.
INFO: [Common 17-206] Exiting Vivado at Sun Jul 28 15:00:22 2024...
