

================================================================
== Vitis HLS Report for 'activation_quant'
================================================================
* Date:           Mon Jul 29 22:40:05 2024

* Version:        2023.2 (Build 4023990 on Oct 11 2023)
* Project:        Activation_quantzation
* Solution:       solution1 (Vivado IP Flow Target)
* Product family: virtexuplus
* Target device:  xcvu11p-flga2577-1-e


================================================================
== Performance Estimates
================================================================
+ Timing: 
    * Summary: 
    +--------+----------+----------+------------+
    |  Clock |  Target  | Estimated| Uncertainty|
    +--------+----------+----------+------------+
    |ap_clk  |  10.00 ns|  7.043 ns|     2.70 ns|
    +--------+----------+----------+------------+

+ Latency: 
    * Summary: 
    +---------+---------+----------+----------+-----+-----+---------+
    |  Latency (cycles) |  Latency (absolute) |  Interval | Pipeline|
    |   min   |   max   |    min   |    max   | min | max |   Type  |
    +---------+---------+----------+----------+-----+-----+---------+
    |       23|       23|  0.230 us|  0.230 us|    2|    2|      yes|
    +---------+---------+----------+----------+-----+-----+---------+

    + Detail: 
        * Instance: 
        +----------------------------------------+-----------------------+---------+---------+-----------+-----------+-----+-----+---------+
        |                                        |                       |  Latency (cycles) |   Latency (absolute)  |  Interval | Pipeline|
        |                Instance                |         Module        |   min   |   max   |    min    |    max    | min | max |   Type  |
        +----------------------------------------+-----------------------+---------+---------+-----------+-----------+-----+-----+---------+
        |grp_generic_round_float_s_fu_284        |generic_round_float_s  |        1|        1|  10.000 ns|  10.000 ns|    1|    1|      yes|
        |grp_generic_round_float_s_fu_293        |generic_round_float_s  |        1|        1|  10.000 ns|  10.000 ns|    1|    1|      yes|
        |grp_generic_round_float_s_fu_302        |generic_round_float_s  |        1|        1|  10.000 ns|  10.000 ns|    1|    1|      yes|
        |grp_generic_round_float_s_fu_311        |generic_round_float_s  |        1|        1|  10.000 ns|  10.000 ns|    1|    1|      yes|
        |grp_generic_round_float_s_fu_320        |generic_round_float_s  |        1|        1|  10.000 ns|  10.000 ns|    1|    1|      yes|
        |grp_generic_fmax_float_s_fu_329         |generic_fmax_float_s   |        0|        0|       0 ns|       0 ns|    1|    1|      yes|
        |grp_generic_fmax_float_s_fu_335         |generic_fmax_float_s   |        0|        0|       0 ns|       0 ns|    1|    1|      yes|
        |grp_generic_fmax_float_s_fu_341         |generic_fmax_float_s   |        0|        0|       0 ns|       0 ns|    1|    1|      yes|
        |grp_generic_fmax_float_s_fu_347         |generic_fmax_float_s   |        0|        0|       0 ns|       0 ns|    1|    1|      yes|
        |x_assign_s_generic_fmax_float_s_fu_353  |generic_fmax_float_s   |        0|        0|       0 ns|       0 ns|    1|    1|      yes|
        +----------------------------------------+-----------------------+---------+---------+-----------+-----------+-----+-----+---------+

        * Loop: 
        N/A



================================================================
== Utilization Estimates
================================================================
* Summary: 
+---------------------+---------+------+---------+---------+-----+
|         Name        | BRAM_18K|  DSP |    FF   |   LUT   | URAM|
+---------------------+---------+------+---------+---------+-----+
|DSP                  |        -|     -|        -|        -|    -|
|Expression           |        -|     -|        0|     2573|    -|
|FIFO                 |        -|     -|        -|        -|    -|
|Instance             |        0|    15|     1215|     2050|    -|
|Memory               |        -|     -|        -|        -|    -|
|Multiplexer          |        -|     -|        -|      625|    -|
|Register             |        -|     -|     2320|      384|    -|
+---------------------+---------+------+---------+---------+-----+
|Total                |        0|    15|     3535|     5632|    0|
+---------------------+---------+------+---------+---------+-----+
|Available SLR        |     1344|  3072|   864000|   432000|  320|
+---------------------+---------+------+---------+---------+-----+
|Utilization SLR (%)  |        0|    ~0|       ~0|        1|    0|
+---------------------+---------+------+---------+---------+-----+
|Available            |     4032|  9216|  2592000|  1296000|  960|
+---------------------+---------+------+---------+---------+-----+
|Utilization (%)      |        0|    ~0|       ~0|       ~0|    0|
+---------------------+---------+------+---------+---------+-----+

+ Detail: 
    * Instance: 
    +----------------------------------------+-------------------------------+---------+----+-----+-----+-----+
    |                Instance                |             Module            | BRAM_18K| DSP|  FF | LUT | URAM|
    +----------------------------------------+-------------------------------+---------+----+-----+-----+-----+
    |fcmp_32ns_32ns_1_2_no_dsp_1_U16         |fcmp_32ns_32ns_1_2_no_dsp_1    |        0|   0|    0|    0|    0|
    |fcmp_32ns_32ns_1_2_no_dsp_1_U17         |fcmp_32ns_32ns_1_2_no_dsp_1    |        0|   0|    0|    0|    0|
    |fcmp_32ns_32ns_1_2_no_dsp_1_U18         |fcmp_32ns_32ns_1_2_no_dsp_1    |        0|   0|    0|    0|    0|
    |fcmp_32ns_32ns_1_2_no_dsp_1_U19         |fcmp_32ns_32ns_1_2_no_dsp_1    |        0|   0|    0|    0|    0|
    |fcmp_32ns_32ns_1_2_no_dsp_1_U20         |fcmp_32ns_32ns_1_2_no_dsp_1    |        0|   0|    0|    0|    0|
    |fcmp_32ns_32ns_1_2_no_dsp_1_U21         |fcmp_32ns_32ns_1_2_no_dsp_1    |        0|   0|    0|    0|    0|
    |fdiv_32ns_32ns_32_7_no_dsp_1_U10        |fdiv_32ns_32ns_32_7_no_dsp_1   |        0|   0|    0|    0|    0|
    |fdiv_32ns_32ns_32_7_no_dsp_1_U11        |fdiv_32ns_32ns_32_7_no_dsp_1   |        0|   0|    0|    0|    0|
    |fdiv_32ns_32ns_32_7_no_dsp_1_U12        |fdiv_32ns_32ns_32_7_no_dsp_1   |        0|   0|    0|    0|    0|
    |fdiv_32ns_32ns_32_7_no_dsp_1_U13        |fdiv_32ns_32ns_32_7_no_dsp_1   |        0|   0|    0|    0|    0|
    |fdiv_32ns_32ns_32_7_no_dsp_1_U14        |fdiv_32ns_32ns_32_7_no_dsp_1   |        0|   0|    0|    0|    0|
    |fdiv_32ns_32ns_32_7_no_dsp_1_U15        |fdiv_32ns_32ns_32_7_no_dsp_1   |        0|   0|    0|    0|    0|
    |fmul_32ns_32ns_32_2_max_dsp_1_U5        |fmul_32ns_32ns_32_2_max_dsp_1  |        0|   3|  128|   77|    0|
    |fmul_32ns_32ns_32_2_max_dsp_1_U6        |fmul_32ns_32ns_32_2_max_dsp_1  |        0|   3|  128|   77|    0|
    |fmul_32ns_32ns_32_2_max_dsp_1_U7        |fmul_32ns_32ns_32_2_max_dsp_1  |        0|   3|  128|   77|    0|
    |fmul_32ns_32ns_32_2_max_dsp_1_U8        |fmul_32ns_32ns_32_2_max_dsp_1  |        0|   3|  128|   77|    0|
    |fmul_32ns_32ns_32_2_max_dsp_1_U9        |fmul_32ns_32ns_32_2_max_dsp_1  |        0|   3|  128|   77|    0|
    |grp_generic_fmax_float_s_fu_329         |generic_fmax_float_s           |        0|   0|    0|  124|    0|
    |grp_generic_fmax_float_s_fu_335         |generic_fmax_float_s           |        0|   0|    0|  124|    0|
    |grp_generic_fmax_float_s_fu_341         |generic_fmax_float_s           |        0|   0|    0|  124|    0|
    |grp_generic_fmax_float_s_fu_347         |generic_fmax_float_s           |        0|   0|    0|  124|    0|
    |x_assign_s_generic_fmax_float_s_fu_353  |generic_fmax_float_s           |        0|   0|    0|  124|    0|
    |grp_generic_round_float_s_fu_284        |generic_round_float_s          |        0|   0|  115|  209|    0|
    |grp_generic_round_float_s_fu_293        |generic_round_float_s          |        0|   0|  115|  209|    0|
    |grp_generic_round_float_s_fu_302        |generic_round_float_s          |        0|   0|  115|  209|    0|
    |grp_generic_round_float_s_fu_311        |generic_round_float_s          |        0|   0|  115|  209|    0|
    |grp_generic_round_float_s_fu_320        |generic_round_float_s          |        0|   0|  115|  209|    0|
    +----------------------------------------+-------------------------------+---------+----+-----+-----+-----+
    |Total                                   |                               |        0|  15| 1215| 2050|    0|
    +----------------------------------------+-------------------------------+---------+----+-----+-----+-----+

    * DSP: 
    N/A

    * Memory: 
    N/A

    * FIFO: 
    N/A

    * Expression: 
    +---------------------------+----------+----+---+----+------------+------------+
    |       Variable Name       | Operation| DSP| FF| LUT| Bitwidth P0| Bitwidth P1|
    +---------------------------+----------+----+---+----+------------+------------+
    |and_ln16_10_fu_905_p2      |       and|   0|  0|   2|           1|           1|
    |and_ln16_11_fu_1086_p2     |       and|   0|  0|   2|           1|           1|
    |and_ln16_12_fu_1092_p2     |       and|   0|  0|   2|           1|           1|
    |and_ln16_13_fu_1252_p2     |       and|   0|  0|   2|           1|           1|
    |and_ln16_14_fu_1258_p2     |       and|   0|  0|   2|           1|           1|
    |and_ln16_1_fu_800_p2       |       and|   0|  0|   2|           1|           1|
    |and_ln16_2_fu_806_p2       |       and|   0|  0|   2|           1|           1|
    |and_ln16_3_fu_970_p2       |       and|   0|  0|   2|           1|           1|
    |and_ln16_4_fu_976_p2       |       and|   0|  0|   2|           1|           1|
    |and_ln16_5_fu_680_p2       |       and|   0|  0|   2|           1|           1|
    |and_ln16_6_fu_870_p2       |       and|   0|  0|   2|           1|           1|
    |and_ln16_7_fu_876_p2       |       and|   0|  0|   2|           1|           1|
    |and_ln16_8_fu_1028_p2      |       and|   0|  0|   2|           1|           1|
    |and_ln16_9_fu_1034_p2      |       and|   0|  0|   2|           1|           1|
    |and_ln16_fu_650_p2         |       and|   0|  0|   2|           1|           1|
    |and_ln18_1_fu_1443_p2      |       and|   0|  0|   2|           1|           1|
    |and_ln18_2_fu_1501_p2      |       and|   0|  0|   2|           1|           1|
    |and_ln18_3_fu_1559_p2      |       and|   0|  0|   2|           1|           1|
    |and_ln18_4_fu_1617_p2      |       and|   0|  0|   2|           1|           1|
    |and_ln18_5_fu_1675_p2      |       and|   0|  0|   2|           1|           1|
    |and_ln18_6_fu_1733_p2      |       and|   0|  0|   2|           1|           1|
    |and_ln18_7_fu_1791_p2      |       and|   0|  0|   2|           1|           1|
    |and_ln18_8_fu_1849_p2      |       and|   0|  0|   2|           1|           1|
    |and_ln18_fu_1385_p2        |       and|   0|  0|   2|           1|           1|
    |and_ln25_1_fu_1200_p2      |       and|   0|  0|   2|           1|           1|
    |and_ln25_2_fu_1306_p2      |       and|   0|  0|   2|           1|           1|
    |and_ln25_fu_1152_p2        |       and|   0|  0|   2|           1|           1|
    |grp_fu_450_p2              |      icmp|   0|  0|  15|           8|           2|
    |grp_fu_466_p2              |      icmp|   0|  0|  15|           8|           2|
    |grp_fu_482_p2              |      icmp|   0|  0|  15|           8|           2|
    |icmp_ln16_11_fu_612_p2     |      icmp|   0|  0|  30|          23|           1|
    |icmp_ln16_13_fu_626_p2     |      icmp|   0|  0|  30|          23|           1|
    |icmp_ln16_14_fu_852_p2     |      icmp|   0|  0|  15|           8|           2|
    |icmp_ln16_15_fu_858_p2     |      icmp|   0|  0|  30|          23|           1|
    |icmp_ln16_17_fu_640_p2     |      icmp|   0|  0|  30|          23|           1|
    |icmp_ln16_18_fu_1010_p2    |      icmp|   0|  0|  15|           8|           2|
    |icmp_ln16_19_fu_1016_p2    |      icmp|   0|  0|  30|          23|           1|
    |icmp_ln16_1_fu_525_p2      |      icmp|   0|  0|  30|          23|           1|
    |icmp_ln16_21_fu_727_p2     |      icmp|   0|  0|  30|          23|           1|
    |icmp_ln16_23_fu_741_p2     |      icmp|   0|  0|  30|          23|           1|
    |icmp_ln16_24_fu_1068_p2    |      icmp|   0|  0|  15|           8|           2|
    |icmp_ln16_25_fu_1074_p2    |      icmp|   0|  0|  30|          23|           1|
    |icmp_ln16_27_fu_755_p2     |      icmp|   0|  0|  30|          23|           1|
    |icmp_ln16_28_fu_1234_p2    |      icmp|   0|  0|  15|           8|           2|
    |icmp_ln16_29_fu_1240_p2    |      icmp|   0|  0|  30|          23|           1|
    |icmp_ln16_2_fu_549_p2      |      icmp|   0|  0|  15|           8|           2|
    |icmp_ln16_3_fu_555_p2      |      icmp|   0|  0|  30|          23|           1|
    |icmp_ln16_4_fu_782_p2      |      icmp|   0|  0|  15|           8|           2|
    |icmp_ln16_5_fu_788_p2      |      icmp|   0|  0|  30|          23|           1|
    |icmp_ln16_6_fu_579_p2      |      icmp|   0|  0|  15|           8|           2|
    |icmp_ln16_7_fu_585_p2      |      icmp|   0|  0|  30|          23|           1|
    |icmp_ln16_8_fu_952_p2      |      icmp|   0|  0|  15|           8|           2|
    |icmp_ln16_9_fu_958_p2      |      icmp|   0|  0|  30|          23|           1|
    |icmp_ln16_fu_519_p2        |      icmp|   0|  0|  15|           8|           2|
    |icmp_ln18_10_fu_1611_p2    |      icmp|   0|  0|  30|          23|           1|
    |icmp_ln18_11_fu_1663_p2    |      icmp|   0|  0|  15|           8|           2|
    |icmp_ln18_12_fu_1669_p2    |      icmp|   0|  0|  30|          23|           1|
    |icmp_ln18_13_fu_1721_p2    |      icmp|   0|  0|  15|           8|           2|
    |icmp_ln18_14_fu_1727_p2    |      icmp|   0|  0|  30|          23|           1|
    |icmp_ln18_15_fu_1779_p2    |      icmp|   0|  0|  15|           8|           2|
    |icmp_ln18_16_fu_1785_p2    |      icmp|   0|  0|  30|          23|           1|
    |icmp_ln18_17_fu_1837_p2    |      icmp|   0|  0|  15|           8|           2|
    |icmp_ln18_18_fu_1843_p2    |      icmp|   0|  0|  30|          23|           1|
    |icmp_ln18_2_fu_1379_p2     |      icmp|   0|  0|  30|          23|           1|
    |icmp_ln18_3_fu_1431_p2     |      icmp|   0|  0|  15|           8|           2|
    |icmp_ln18_4_fu_1437_p2     |      icmp|   0|  0|  30|          23|           1|
    |icmp_ln18_5_fu_1489_p2     |      icmp|   0|  0|  15|           8|           2|
    |icmp_ln18_6_fu_1495_p2     |      icmp|   0|  0|  30|          23|           1|
    |icmp_ln18_7_fu_1547_p2     |      icmp|   0|  0|  15|           8|           2|
    |icmp_ln18_8_fu_1553_p2     |      icmp|   0|  0|  30|          23|           1|
    |icmp_ln18_9_fu_1605_p2     |      icmp|   0|  0|  15|           8|           2|
    |icmp_ln18_fu_1373_p2       |      icmp|   0|  0|  15|           8|           2|
    |icmp_ln25_1_fu_1140_p2     |      icmp|   0|  0|  30|          23|           1|
    |icmp_ln25_2_fu_1182_p2     |      icmp|   0|  0|  15|           8|           2|
    |icmp_ln25_3_fu_1188_p2     |      icmp|   0|  0|  30|          23|           1|
    |icmp_ln25_4_fu_1288_p2     |      icmp|   0|  0|  15|           8|           2|
    |icmp_ln25_5_fu_1294_p2     |      icmp|   0|  0|  30|          23|           1|
    |icmp_ln25_fu_1134_p2       |      icmp|   0|  0|  15|           8|           2|
    |ymaggreater_2_fu_1449_p2   |      icmp|   0|  0|  39|          32|          31|
    |ymaggreater_3_fu_1507_p2   |      icmp|   0|  0|  39|          32|          31|
    |ymaggreater_4_fu_1565_p2   |      icmp|   0|  0|  39|          32|          31|
    |ymaggreater_5_fu_1623_p2   |      icmp|   0|  0|  39|          32|          31|
    |ymaggreater_6_fu_1681_p2   |      icmp|   0|  0|  39|          32|          31|
    |ymaggreater_7_fu_1739_p2   |      icmp|   0|  0|  39|          32|          31|
    |ymaggreater_8_fu_1797_p2   |      icmp|   0|  0|  39|          32|          31|
    |ymaggreater_9_fu_1855_p2   |      icmp|   0|  0|  39|          32|          31|
    |ymaggreater_fu_1391_p2     |      icmp|   0|  0|  39|          32|          31|
    |or_ln16_10_fu_901_p2       |        or|   0|  0|   2|           1|           1|
    |or_ln16_11_fu_1064_p2      |        or|   0|  0|   2|           1|           1|
    |or_ln16_12_fu_1080_p2      |        or|   0|  0|   2|           1|           1|
    |or_ln16_13_fu_1230_p2      |        or|   0|  0|   2|           1|           1|
    |or_ln16_14_fu_1246_p2      |        or|   0|  0|   2|           1|           1|
    |or_ln16_1_fu_778_p2        |        or|   0|  0|   2|           1|           1|
    |or_ln16_2_fu_794_p2        |        or|   0|  0|   2|           1|           1|
    |or_ln16_3_fu_948_p2        |        or|   0|  0|   2|           1|           1|
    |or_ln16_4_fu_964_p2        |        or|   0|  0|   2|           1|           1|
    |or_ln16_5_fu_676_p2        |        or|   0|  0|   2|           1|           1|
    |or_ln16_6_fu_848_p2        |        or|   0|  0|   2|           1|           1|
    |or_ln16_7_fu_864_p2        |        or|   0|  0|   2|           1|           1|
    |or_ln16_8_fu_1006_p2       |        or|   0|  0|   2|           1|           1|
    |or_ln16_9_fu_1022_p2       |        or|   0|  0|   2|           1|           1|
    |or_ln16_fu_646_p2          |        or|   0|  0|   2|           1|           1|
    |or_ln25_1_fu_1194_p2       |        or|   0|  0|   2|           1|           1|
    |or_ln25_2_fu_1300_p2       |        or|   0|  0|   2|           1|           1|
    |or_ln25_fu_1146_p2         |        or|   0|  0|   2|           1|           1|
    |clamped_val_10_fu_1695_p3  |    select|   0|  0|  32|           1|          31|
    |clamped_val_9_fu_1637_p3   |    select|   0|  0|  32|           1|          31|
    |clamped_val_fu_1579_p3     |    select|   0|  0|  32|           1|          31|
    |max_val_18_fu_686_p3       |    select|   0|  0|  32|           1|          32|
    |max_val_19_fu_882_p3       |    select|   0|  0|  32|           1|          32|
    |max_val_20_fu_1040_p3      |    select|   0|  0|  32|           1|          32|
    |max_val_21_fu_911_p3       |    select|   0|  0|  32|           1|          32|
    |max_val_22_fu_1098_p3      |    select|   0|  0|  32|           1|          32|
    |max_val_2_fu_656_p3        |    select|   0|  0|  32|           1|          32|
    |max_val_4_fu_812_p3        |    select|   0|  0|  32|           1|          32|
    |max_val_6_fu_982_p3        |    select|   0|  0|  32|           1|          32|
    |max_val_fu_1264_p3         |    select|   0|  0|  32|           1|          32|
    |res_10_fu_1687_p3          |    select|   0|  0|  32|           1|          32|
    |res_12_fu_1745_p3          |    select|   0|  0|  32|           1|          32|
    |res_14_fu_1803_p3          |    select|   0|  0|  32|           1|          32|
    |res_16_fu_1861_p3          |    select|   0|  0|  32|           1|          32|
    |res_18_fu_1405_p3          |    select|   0|  0|  32|           1|          31|
    |res_19_fu_1463_p3          |    select|   0|  0|  32|           1|          31|
    |res_20_fu_1521_p3          |    select|   0|  0|  32|           1|          31|
    |res_21_fu_1753_p3          |    select|   0|  0|  32|           1|          31|
    |res_22_fu_1811_p3          |    select|   0|  0|  32|           1|          31|
    |res_23_fu_1869_p3          |    select|   0|  0|  32|           1|          31|
    |res_2_fu_1455_p3           |    select|   0|  0|  32|           1|          32|
    |res_4_fu_1513_p3           |    select|   0|  0|  32|           1|          32|
    |res_6_fu_1571_p3           |    select|   0|  0|  32|           1|          32|
    |res_8_fu_1629_p3           |    select|   0|  0|  32|           1|          32|
    |res_fu_1397_p3             |    select|   0|  0|  32|           1|          32|
    |select_ln25_1_fu_1206_p3   |    select|   0|  0|  32|           1|          30|
    |select_ln25_2_fu_1312_p3   |    select|   0|  0|  32|           1|          30|
    |select_ln25_fu_1158_p3     |    select|   0|  0|  32|           1|          30|
    |ap_enable_pp0              |       xor|   0|  0|   2|           1|           2|
    +---------------------------+----------+----+---+----+------------+------------+
    |Total                      |          |   0|  0|2573|        1177|        1346|
    +---------------------------+----------+----+---+----+------------+------------+

    * Multiplexer: 
    +-------------------------+----+-----------+-----+-----------+
    |           Name          | LUT| Input Size| Bits| Total Bits|
    +-------------------------+----+-----------+-----+-----------+
    |ap_NS_fsm                |  14|          3|    1|          3|
    |ap_enable_reg_pp0_iter0  |   9|          2|    1|          2|
    |grp_fu_359_p0            |  14|          3|   32|         96|
    |grp_fu_359_p1            |  14|          3|   32|         96|
    |grp_fu_364_p0            |  14|          3|   32|         96|
    |grp_fu_364_p1            |  14|          3|   32|         96|
    |grp_fu_369_p0            |  14|          3|   32|         96|
    |grp_fu_369_p1            |  14|          3|   32|         96|
    |grp_fu_374_p0            |  14|          3|   32|         96|
    |grp_fu_374_p1            |  14|          3|   32|         96|
    |grp_fu_384_p1            |  14|          3|   32|         96|
    |grp_fu_389_p0            |  14|          3|   32|         96|
    |grp_fu_389_p1            |  14|          3|   32|         96|
    |grp_fu_394_p0            |  14|          3|   32|         96|
    |grp_fu_394_p1            |  14|          3|   32|         96|
    |grp_fu_398_p0            |  14|          3|   32|         96|
    |grp_fu_398_p1            |  14|          3|   32|         96|
    |grp_fu_402_p0            |  14|          3|   32|         96|
    |grp_fu_402_p1            |  14|          3|   32|         96|
    |grp_fu_406_p0            |  14|          3|   32|         96|
    |grp_fu_406_p1            |  14|          3|   32|         96|
    |grp_fu_410_p0            |  14|          3|   32|         96|
    |grp_fu_410_p1            |  14|          3|   32|         96|
    |grp_fu_415_p0            |  14|          3|   32|         96|
    |grp_fu_415_p1            |  14|          3|   32|         96|
    |grp_fu_420_p0            |  14|          3|   32|         96|
    |grp_fu_420_p1            |  14|          3|   32|         96|
    |grp_fu_425_opcode        |  14|          3|    5|         15|
    |grp_fu_425_p0            |  14|          3|   32|         96|
    |grp_fu_425_p1            |  14|          3|   32|         96|
    |grp_fu_429_opcode        |  14|          3|    5|         15|
    |grp_fu_429_p0            |  14|          3|   32|         96|
    |grp_fu_429_p1            |  14|          3|   32|         96|
    |grp_fu_435_opcode        |  14|          3|    5|         15|
    |grp_fu_435_p0            |  14|          3|   32|         96|
    |grp_fu_435_p1            |  14|          3|   32|         96|
    |input_0_address0         |  14|          3|    2|          6|
    |input_1_address0         |  14|          3|    2|          6|
    |input_2_address0         |  14|          3|    2|          6|
    |output_0_address0        |  14|          3|    2|          6|
    |output_0_d0              |  14|          3|   32|         96|
    |output_1_address0        |  14|          3|    2|          6|
    |output_1_d0              |  14|          3|   32|         96|
    |output_2_address0        |  14|          3|    2|          6|
    |output_2_d0              |  14|          3|   32|         96|
    +-------------------------+----+-----------+-----+-----------+
    |Total                    | 625|        134| 1117|       3350|
    +-------------------------+----+-----------+-----+-----------+

    * Register: 
    +-----------------------------------------------+----+----+-----+-----------+
    |                      Name                     | FF | LUT| Bits| Const Bits|
    +-----------------------------------------------+----+----+-----+-----------+
    |abs_val_1_reg_2096                             |  31|   0|   32|          1|
    |abs_val_2_reg_2183                             |  31|   0|   32|          1|
    |abs_val_3_reg_2018                             |  31|   0|   32|          1|
    |abs_val_4_reg_2109                             |  31|   0|   32|          1|
    |abs_val_5_reg_2196                             |  31|   0|   32|          1|
    |abs_val_6_reg_2120                             |  31|   0|   32|          1|
    |abs_val_7_reg_2209                             |  31|   0|   32|          1|
    |abs_val_8_reg_2236                             |  31|   0|   32|          1|
    |abs_val_reg_1957                               |  31|   0|   32|          1|
    |ap_CS_fsm                                      |   2|   0|    2|          0|
    |ap_enable_reg_pp0_iter0_reg                    |   1|   0|    1|          0|
    |ap_enable_reg_pp0_iter1                        |   1|   0|    1|          0|
    |ap_enable_reg_pp0_iter10                       |   1|   0|    1|          0|
    |ap_enable_reg_pp0_iter11                       |   1|   0|    1|          0|
    |ap_enable_reg_pp0_iter2                        |   1|   0|    1|          0|
    |ap_enable_reg_pp0_iter3                        |   1|   0|    1|          0|
    |ap_enable_reg_pp0_iter4                        |   1|   0|    1|          0|
    |ap_enable_reg_pp0_iter5                        |   1|   0|    1|          0|
    |ap_enable_reg_pp0_iter6                        |   1|   0|    1|          0|
    |ap_enable_reg_pp0_iter7                        |   1|   0|    1|          0|
    |ap_enable_reg_pp0_iter8                        |   1|   0|    1|          0|
    |ap_enable_reg_pp0_iter9                        |   1|   0|    1|          0|
    |clamped_val_10_reg_2364                        |  32|   0|   32|          0|
    |clamped_val_9_reg_2359                         |  32|   0|   32|          0|
    |clamped_val_reg_2354                           |  32|   0|   32|          0|
    |data_13_reg_2115                               |  32|   0|   32|          0|
    |data_14_reg_2136                               |  32|   0|   32|          0|
    |data_15_reg_2156                               |  32|   0|   32|          0|
    |data_2_reg_1973                                |  32|   0|   32|          0|
    |data_3_reg_1993                                |  32|   0|   32|          0|
    |data_7_reg_2013                                |  32|   0|   32|          0|
    |data_8_reg_2034                                |  32|   0|   32|          0|
    |data_9_reg_2054                                |  32|   0|   32|          0|
    |data_reg_1952                                  |  32|   0|   32|          0|
    |grp_generic_round_float_s_fu_284_ap_start_reg  |   1|   0|    1|          0|
    |grp_generic_round_float_s_fu_293_ap_start_reg  |   1|   0|    1|          0|
    |grp_generic_round_float_s_fu_302_ap_start_reg  |   1|   0|    1|          0|
    |grp_generic_round_float_s_fu_311_ap_start_reg  |   1|   0|    1|          0|
    |grp_generic_round_float_s_fu_320_ap_start_reg  |   1|   0|    1|          0|
    |icmp_ln16_10_reg_2024                          |   1|   0|    1|          0|
    |icmp_ln16_11_reg_2029                          |   1|   0|    1|          0|
    |icmp_ln16_12_reg_2044                          |   1|   0|    1|          0|
    |icmp_ln16_13_reg_2049                          |   1|   0|    1|          0|
    |icmp_ln16_16_reg_2064                          |   1|   0|    1|          0|
    |icmp_ln16_16_reg_2064_pp0_iter1_reg            |   1|   0|    1|          0|
    |icmp_ln16_17_reg_2069                          |   1|   0|    1|          0|
    |icmp_ln16_17_reg_2069_pp0_iter1_reg            |   1|   0|    1|          0|
    |icmp_ln16_1_reg_1968                           |   1|   0|    1|          0|
    |icmp_ln16_20_reg_2126                          |   1|   0|    1|          0|
    |icmp_ln16_21_reg_2131                          |   1|   0|    1|          0|
    |icmp_ln16_22_reg_2146                          |   1|   0|    1|          0|
    |icmp_ln16_23_reg_2151                          |   1|   0|    1|          0|
    |icmp_ln16_26_reg_2166                          |   1|   0|    1|          0|
    |icmp_ln16_26_reg_2166_pp0_iter2_reg            |   1|   0|    1|          0|
    |icmp_ln16_27_reg_2171                          |   1|   0|    1|          0|
    |icmp_ln16_27_reg_2171_pp0_iter2_reg            |   1|   0|    1|          0|
    |icmp_ln16_2_reg_1983                           |   1|   0|    1|          0|
    |icmp_ln16_3_reg_1988                           |   1|   0|    1|          0|
    |icmp_ln16_6_reg_2003                           |   1|   0|    1|          0|
    |icmp_ln16_6_reg_2003_pp0_iter1_reg             |   1|   0|    1|          0|
    |icmp_ln16_7_reg_2008                           |   1|   0|    1|          0|
    |icmp_ln16_7_reg_2008_pp0_iter1_reg             |   1|   0|    1|          0|
    |icmp_ln16_reg_1963                             |   1|   0|    1|          0|
    |max_val_18_reg_2102                            |  31|   0|   32|          1|
    |max_val_19_reg_2189                            |  31|   0|   32|          1|
    |max_val_20_reg_2222                            |  31|   0|   32|          1|
    |max_val_21_reg_2202                            |  31|   0|   32|          1|
    |max_val_22_reg_2229                            |  31|   0|   32|          1|
    |max_val_2_reg_2089                             |  31|   0|   32|          1|
    |max_val_4_reg_2176                             |  31|   0|   32|          1|
    |max_val_6_reg_2215                             |  31|   0|   32|          1|
    |max_val_reg_2252                               |  31|   0|   32|          1|
    |res_18_reg_2339                                |  32|   0|   32|          0|
    |res_19_reg_2344                                |  32|   0|   32|          0|
    |res_20_reg_2349                                |  32|   0|   32|          0|
    |res_21_reg_2369                                |  32|   0|   32|          0|
    |res_22_reg_2374                                |  32|   0|   32|          0|
    |res_23_reg_2379                                |  32|   0|   32|          0|
    |scale_1_reg_2274                               |  32|   0|   32|          0|
    |scale_2_reg_2309                               |  32|   0|   32|          0|
    |scale_reg_2264                                 |  32|   0|   32|          0|
    |select_ln25_1_reg_2247                         |  31|   0|   32|          1|
    |select_ln25_2_reg_2259                         |  31|   0|   32|          1|
    |select_ln25_reg_2242                           |  31|   0|   32|          1|
    |trunc_ln313_1_reg_1978                         |  31|   0|   31|          0|
    |trunc_ln313_2_reg_1998                         |  31|   0|   31|          0|
    |trunc_ln313_4_reg_2039                         |  31|   0|   31|          0|
    |trunc_ln313_5_reg_2059                         |  31|   0|   31|          0|
    |trunc_ln313_7_reg_2141                         |  31|   0|   31|          0|
    |trunc_ln313_8_reg_2161                         |  31|   0|   31|          0|
    |data_13_reg_2115                               |  64|  32|   32|          0|
    |data_14_reg_2136                               |  64|  32|   32|          0|
    |data_15_reg_2156                               |  64|  32|   32|          0|
    |data_2_reg_1973                                |  64|  32|   32|          0|
    |data_3_reg_1993                                |  64|  32|   32|          0|
    |data_7_reg_2013                                |  64|  32|   32|          0|
    |data_8_reg_2034                                |  64|  32|   32|          0|
    |data_9_reg_2054                                |  64|  32|   32|          0|
    |data_reg_1952                                  |  64|  32|   32|          0|
    |scale_1_reg_2274                               |  64|  32|   32|          0|
    |scale_2_reg_2309                               |  64|  32|   32|          0|
    |scale_reg_2264                                 |  64|  32|   32|          0|
    +-----------------------------------------------+----+----+-----+-----------+
    |Total                                          |2320| 384| 1957|         21|
    +-----------------------------------------------+----+----+-----+-----------+



================================================================
== Interface
================================================================
* Summary: 
+-------------------+-----+-----+------------+------------------+--------------+
|     RTL Ports     | Dir | Bits|  Protocol  |   Source Object  |    C Type    |
+-------------------+-----+-----+------------+------------------+--------------+
|ap_clk             |   in|    1|  ap_ctrl_hs|  activation_quant|  return value|
|ap_rst             |   in|    1|  ap_ctrl_hs|  activation_quant|  return value|
|ap_start           |   in|    1|  ap_ctrl_hs|  activation_quant|  return value|
|ap_done            |  out|    1|  ap_ctrl_hs|  activation_quant|  return value|
|ap_idle            |  out|    1|  ap_ctrl_hs|  activation_quant|  return value|
|ap_ready           |  out|    1|  ap_ctrl_hs|  activation_quant|  return value|
|input_0_address0   |  out|    2|   ap_memory|           input_0|         array|
|input_0_ce0        |  out|    1|   ap_memory|           input_0|         array|
|input_0_q0         |   in|   32|   ap_memory|           input_0|         array|
|input_0_address1   |  out|    2|   ap_memory|           input_0|         array|
|input_0_ce1        |  out|    1|   ap_memory|           input_0|         array|
|input_0_q1         |   in|   32|   ap_memory|           input_0|         array|
|input_1_address0   |  out|    2|   ap_memory|           input_1|         array|
|input_1_ce0        |  out|    1|   ap_memory|           input_1|         array|
|input_1_q0         |   in|   32|   ap_memory|           input_1|         array|
|input_1_address1   |  out|    2|   ap_memory|           input_1|         array|
|input_1_ce1        |  out|    1|   ap_memory|           input_1|         array|
|input_1_q1         |   in|   32|   ap_memory|           input_1|         array|
|input_2_address0   |  out|    2|   ap_memory|           input_2|         array|
|input_2_ce0        |  out|    1|   ap_memory|           input_2|         array|
|input_2_q0         |   in|   32|   ap_memory|           input_2|         array|
|input_2_address1   |  out|    2|   ap_memory|           input_2|         array|
|input_2_ce1        |  out|    1|   ap_memory|           input_2|         array|
|input_2_q1         |   in|   32|   ap_memory|           input_2|         array|
|output_0_address0  |  out|    2|   ap_memory|          output_0|         array|
|output_0_ce0       |  out|    1|   ap_memory|          output_0|         array|
|output_0_we0       |  out|    1|   ap_memory|          output_0|         array|
|output_0_d0        |  out|   32|   ap_memory|          output_0|         array|
|output_0_address1  |  out|    2|   ap_memory|          output_0|         array|
|output_0_ce1       |  out|    1|   ap_memory|          output_0|         array|
|output_0_we1       |  out|    1|   ap_memory|          output_0|         array|
|output_0_d1        |  out|   32|   ap_memory|          output_0|         array|
|output_1_address0  |  out|    2|   ap_memory|          output_1|         array|
|output_1_ce0       |  out|    1|   ap_memory|          output_1|         array|
|output_1_we0       |  out|    1|   ap_memory|          output_1|         array|
|output_1_d0        |  out|   32|   ap_memory|          output_1|         array|
|output_1_address1  |  out|    2|   ap_memory|          output_1|         array|
|output_1_ce1       |  out|    1|   ap_memory|          output_1|         array|
|output_1_we1       |  out|    1|   ap_memory|          output_1|         array|
|output_1_d1        |  out|   32|   ap_memory|          output_1|         array|
|output_2_address0  |  out|    2|   ap_memory|          output_2|         array|
|output_2_ce0       |  out|    1|   ap_memory|          output_2|         array|
|output_2_we0       |  out|    1|   ap_memory|          output_2|         array|
|output_2_d0        |  out|   32|   ap_memory|          output_2|         array|
|output_2_address1  |  out|    2|   ap_memory|          output_2|         array|
|output_2_ce1       |  out|    1|   ap_memory|          output_2|         array|
|output_2_we1       |  out|    1|   ap_memory|          output_2|         array|
|output_2_d1        |  out|   32|   ap_memory|          output_2|         array|
+-------------------+-----+-----+------------+------------------+--------------+

