C:/OneDrive/Desktop/ViT/Activation_quantzation/solution1/csynth.tcl:18:9: warning: HLS pragma dump _XLX_SEP_ PragmaIsValid=1_XLX_SEP_ PragmaType=top_XLX_SEP_ PragmaContext=directive_XLX_SEP_ PragmaFunction=activation_quant_XLX_SEP_ PragmaOptions=name=activation_quant_XLX_SEP_ [-Wdump-hls-pragmas]
#pragma HLSDIRECTIVE TOP name=activation_quant
        ^
C:/OneDrive/Desktop/ViT/Activation_quantzation/solution1/directives.tcl:7:9: warning: HLS pragma dump _XLX_SEP_ PragmaIsValid=1_XLX_SEP_ PragmaType=top_XLX_SEP_ PragmaContext=directive_XLX_SEP_ PragmaFunction=activation_quant_XLX_SEP_ PragmaOptions=name=activation_quant_XLX_SEP_ [-Wdump-hls-pragmas]
#pragma HLSDIRECTIVE TOP name=activation_quant
        ^
Activation_quantzation/src/activation_quant.cpp:12:9: warning: HLS pragma dump _XLX_SEP_ PragmaIsValid=1_XLX_SEP_ PragmaType=array_partition_XLX_SEP_ PragmaContext=_XLX_SEP_ PragmaFunction=activation_quant_XLX_SEP_ PragmaOptions=variable=input complete dim=2_XLX_SEP_ [-Wdump-hls-pragmas]
#pragma HLS ARRAY_PARTITION variable=input complete dim=2
        ^
Activation_quantzation/src/activation_quant.cpp:13:9: warning: HLS pragma dump _XLX_SEP_ PragmaIsValid=1_XLX_SEP_ PragmaType=array_partition_XLX_SEP_ PragmaContext=_XLX_SEP_ PragmaFunction=activation_quant_XLX_SEP_ PragmaOptions=variable=output complete dim=2_XLX_SEP_ [-Wdump-hls-pragmas]
#pragma HLS ARRAY_PARTITION variable=output complete dim=2
        ^
Activation_quantzation/src/activation_quant.cpp:14:9: warning: HLS pragma dump _XLX_SEP_ PragmaIsValid=1_XLX_SEP_ PragmaType=pipeline_XLX_SEP_ PragmaContext=_XLX_SEP_ PragmaFunction=activation_quant_XLX_SEP_ PragmaOptions=II=2_XLX_SEP_ [-Wdump-hls-pragmas]
#pragma HLS PIPELINE II=2
        ^
Activation_quantzation/src/activation_quant.cpp:18:9: warning: HLS pragma dump _XLX_SEP_ PragmaIsValid=1_XLX_SEP_ PragmaType=unroll_XLX_SEP_ PragmaContext=_XLX_SEP_ PragmaFunction=activation_quant_XLX_SEP_ PragmaOptions=_XLX_SEP_ [-Wdump-hls-pragmas]
#pragma HLS UNROLL
        ^
Activation_quantzation/src/activation_quant.cpp:25:9: warning: HLS pragma dump _XLX_SEP_ PragmaIsValid=1_XLX_SEP_ PragmaType=unroll_XLX_SEP_ PragmaContext=_XLX_SEP_ PragmaFunction=activation_quant_XLX_SEP_ PragmaOptions=_XLX_SEP_ [-Wdump-hls-pragmas]
#pragma HLS UNROLL
        ^
7 warnings generated.
