

================================================================
== Vitis HLS Report for 'bit_linear'
================================================================
* Date:           Mon Jul 29 22:45:44 2024

* Version:        2023.2 (Build 4023990 on Oct 11 2023)
* Project:        Bit_linear
* Solution:       solution1 (Vivado IP Flow Target)
* Product family: virtexuplus
* Target device:  xcvu11p-flga2577-1-e


================================================================
== Performance Estimates
================================================================
+ Timing: 
    * Summary: 
    +--------+----------+----------+------------+
    |  Clock |  Target  | Estimated| Uncertainty|
    +--------+----------+----------+------------+
    |ap_clk  |  10.00 ns|  7.297 ns|     2.70 ns|
    +--------+----------+----------+------------+

+ Latency: 
    * Summary: 
    +---------+---------+----------+----------+-----+-----+---------+
    |  Latency (cycles) |  Latency (absolute) |  Interval | Pipeline|
    |   min   |   max   |    min   |    max   | min | max |   Type  |
    +---------+---------+----------+----------+-----+-----+---------+
    |       72|       72|  0.720 us|  0.720 us|    3|    3|      yes|
    +---------+---------+----------+----------+-----+-----+---------+

    + Detail: 
        * Instance: 
        +----------------------------------+-----------------------+---------+---------+-----------+-----------+-----+-----+---------+
        |                                  |                       |  Latency (cycles) |   Latency (absolute)  |  Interval | Pipeline|
        |             Instance             |         Module        |   min   |   max   |    min    |    max    | min | max |   Type  |
        +----------------------------------+-----------------------+---------+---------+-----------+-----------+-----+-----+---------+
        |grp_find_max_abs_fu_338           |find_max_abs           |        4|        4|  40.000 ns|  40.000 ns|    1|    1|      yes|
        |grp_generic_round_float_s_fu_346  |generic_round_float_s  |        1|        1|  10.000 ns|  10.000 ns|    1|    1|      yes|
        |grp_generic_round_float_s_fu_355  |generic_round_float_s  |        1|        1|  10.000 ns|  10.000 ns|    1|    1|      yes|
        |grp_generic_round_float_s_fu_364  |generic_round_float_s  |        1|        1|  10.000 ns|  10.000 ns|    1|    1|      yes|
        |grp_generic_round_float_s_fu_373  |generic_round_float_s  |        1|        1|  10.000 ns|  10.000 ns|    1|    1|      yes|
        |grp_generic_round_float_s_fu_382  |generic_round_float_s  |        1|        1|  10.000 ns|  10.000 ns|    1|    1|      yes|
        |grp_generic_round_float_s_fu_391  |generic_round_float_s  |        1|        1|  10.000 ns|  10.000 ns|    1|    1|      yes|
        |grp_generic_fmax_float_s_fu_400   |generic_fmax_float_s   |        0|        0|       0 ns|       0 ns|    1|    1|      yes|
        |grp_generic_fmax_float_s_fu_406   |generic_fmax_float_s   |        0|        0|       0 ns|       0 ns|    1|    1|      yes|
        |grp_generic_fmax_float_s_fu_412   |generic_fmax_float_s   |        0|        0|       0 ns|       0 ns|    1|    1|      yes|
        +----------------------------------+-----------------------+---------+---------+-----------+-----------+-----+-----+---------+

        * Loop: 
        N/A



================================================================
== Utilization Estimates
================================================================
* Summary: 
+---------------------+---------+------+---------+---------+-----+
|         Name        | BRAM_18K|  DSP |    FF   |   LUT   | URAM|
+---------------------+---------+------+---------+---------+-----+
|DSP                  |        -|     -|        -|        -|    -|
|Expression           |        -|     -|        0|     2413|    -|
|FIFO                 |        -|     -|        -|        -|    -|
|Instance             |        0|    49|     4091|     4822|    -|
|Memory               |        -|     -|        -|        -|    -|
|Multiplexer          |        -|     -|        -|     1388|    -|
|Register             |        -|     -|     6748|     1312|    -|
+---------------------+---------+------+---------+---------+-----+
|Total                |        0|    49|    10839|     9935|    0|
+---------------------+---------+------+---------+---------+-----+
|Available SLR        |     1344|  3072|   864000|   432000|  320|
+---------------------+---------+------+---------+---------+-----+
|Utilization SLR (%)  |        0|     1|        1|        2|    0|
+---------------------+---------+------+---------+---------+-----+
|Available            |     4032|  9216|  2592000|  1296000|  960|
+---------------------+---------+------+---------+---------+-----+
|Utilization (%)      |        0|    ~0|       ~0|       ~0|    0|
+---------------------+---------+------+---------+---------+-----+

+ Detail: 
    * Instance: 
    +------------------------------------+--------------------------------+---------+----+-----+-----+-----+
    |              Instance              |             Module             | BRAM_18K| DSP|  FF | LUT | URAM|
    +------------------------------------+--------------------------------+---------+----+-----+-----+-----+
    |ddiv_64ns_64ns_64_13_no_dsp_1_U48   |ddiv_64ns_64ns_64_13_no_dsp_1   |        0|   0|    0|    0|    0|
    |fadd_32ns_32ns_32_3_full_dsp_1_U14  |fadd_32ns_32ns_32_3_full_dsp_1  |        0|   2|  177|  229|    0|
    |fadd_32ns_32ns_32_3_full_dsp_1_U15  |fadd_32ns_32ns_32_3_full_dsp_1  |        0|   2|  177|  229|    0|
    |fadd_32ns_32ns_32_3_full_dsp_1_U16  |fadd_32ns_32ns_32_3_full_dsp_1  |        0|   2|  177|  229|    0|
    |fadd_32ns_32ns_32_3_full_dsp_1_U17  |fadd_32ns_32ns_32_3_full_dsp_1  |        0|   2|  177|  229|    0|
    |fadd_32ns_32ns_32_3_full_dsp_1_U18  |fadd_32ns_32ns_32_3_full_dsp_1  |        0|   2|  177|  229|    0|
    |fadd_32ns_32ns_32_3_full_dsp_1_U19  |fadd_32ns_32ns_32_3_full_dsp_1  |        0|   2|  177|  229|    0|
    |fadd_32ns_32ns_32_3_full_dsp_1_U20  |fadd_32ns_32ns_32_3_full_dsp_1  |        0|   2|  177|  229|    0|
    |fadd_32ns_32ns_32_3_full_dsp_1_U21  |fadd_32ns_32ns_32_3_full_dsp_1  |        0|   2|  177|  229|    0|
    |fcmp_32ns_32ns_1_2_no_dsp_0_U41     |fcmp_32ns_32ns_1_2_no_dsp_0     |        0|   0|    0|    0|    0|
    |fcmp_32ns_32ns_1_2_no_dsp_0_U42     |fcmp_32ns_32ns_1_2_no_dsp_0     |        0|   0|    0|    0|    0|
    |fcmp_32ns_32ns_1_2_no_dsp_0_U43     |fcmp_32ns_32ns_1_2_no_dsp_0     |        0|   0|    0|    0|    0|
    |fcmp_32ns_32ns_1_2_no_dsp_0_U44     |fcmp_32ns_32ns_1_2_no_dsp_0     |        0|   0|    0|    0|    0|
    |fcmp_32ns_32ns_1_2_no_dsp_0_U45     |fcmp_32ns_32ns_1_2_no_dsp_0     |        0|   0|    0|    0|    0|
    |fcmp_32ns_32ns_1_2_no_dsp_0_U46     |fcmp_32ns_32ns_1_2_no_dsp_0     |        0|   0|    0|    0|    0|
    |fcmp_32ns_32ns_1_2_no_dsp_0_U47     |fcmp_32ns_32ns_1_2_no_dsp_0     |        0|   0|    0|    0|    0|
    |fdiv_32ns_32ns_32_7_no_dsp_1_U33    |fdiv_32ns_32ns_32_7_no_dsp_1    |        0|   0|    0|    0|    0|
    |fdiv_32ns_32ns_32_7_no_dsp_1_U34    |fdiv_32ns_32ns_32_7_no_dsp_1    |        0|   0|    0|    0|    0|
    |fdiv_32ns_32ns_32_7_no_dsp_1_U35    |fdiv_32ns_32ns_32_7_no_dsp_1    |        0|   0|    0|    0|    0|
    |fdiv_32ns_32ns_32_7_no_dsp_1_U36    |fdiv_32ns_32ns_32_7_no_dsp_1    |        0|   0|    0|    0|    0|
    |fdiv_32ns_32ns_32_7_no_dsp_1_U37    |fdiv_32ns_32ns_32_7_no_dsp_1    |        0|   0|    0|    0|    0|
    |fdiv_32ns_32ns_32_7_no_dsp_1_U38    |fdiv_32ns_32ns_32_7_no_dsp_1    |        0|   0|    0|    0|    0|
    |grp_find_max_abs_fu_338             |find_max_abs                    |        0|   0|  577|  517|    0|
    |fmul_32ns_32ns_32_2_max_dsp_1_U22   |fmul_32ns_32ns_32_2_max_dsp_1   |        0|   3|  128|   77|    0|
    |fmul_32ns_32ns_32_2_max_dsp_1_U23   |fmul_32ns_32ns_32_2_max_dsp_1   |        0|   3|  128|   77|    0|
    |fmul_32ns_32ns_32_2_max_dsp_1_U24   |fmul_32ns_32ns_32_2_max_dsp_1   |        0|   3|  128|   77|    0|
    |fmul_32ns_32ns_32_2_max_dsp_1_U25   |fmul_32ns_32ns_32_2_max_dsp_1   |        0|   3|  128|   77|    0|
    |fmul_32ns_32ns_32_2_max_dsp_1_U26   |fmul_32ns_32ns_32_2_max_dsp_1   |        0|   3|  128|   77|    0|
    |fmul_32ns_32ns_32_2_max_dsp_1_U27   |fmul_32ns_32ns_32_2_max_dsp_1   |        0|   3|  128|   77|    0|
    |fmul_32ns_32ns_32_2_max_dsp_1_U28   |fmul_32ns_32ns_32_2_max_dsp_1   |        0|   3|  128|   77|    0|
    |fmul_32ns_32ns_32_2_max_dsp_1_U29   |fmul_32ns_32ns_32_2_max_dsp_1   |        0|   3|  128|   77|    0|
    |fmul_32ns_32ns_32_2_max_dsp_1_U30   |fmul_32ns_32ns_32_2_max_dsp_1   |        0|   3|  128|   77|    0|
    |fmul_32ns_32ns_32_2_max_dsp_1_U31   |fmul_32ns_32ns_32_2_max_dsp_1   |        0|   3|  128|   77|    0|
    |fmul_32ns_32ns_32_2_max_dsp_1_U32   |fmul_32ns_32ns_32_2_max_dsp_1   |        0|   3|  128|   77|    0|
    |fpext_32ns_64_1_no_dsp_1_U40        |fpext_32ns_64_1_no_dsp_1        |        0|   0|    0|    0|    0|
    |fptrunc_64ns_32_2_no_dsp_1_U39      |fptrunc_64ns_32_2_no_dsp_1      |        0|   0|    0|    0|    0|
    |grp_generic_fmax_float_s_fu_400     |generic_fmax_float_s            |        0|   0|    0|  124|    0|
    |grp_generic_fmax_float_s_fu_406     |generic_fmax_float_s            |        0|   0|    0|  124|    0|
    |grp_generic_fmax_float_s_fu_412     |generic_fmax_float_s            |        0|   0|    0|  124|    0|
    |grp_generic_round_float_s_fu_346    |generic_round_float_s           |        0|   0|  115|  209|    0|
    |grp_generic_round_float_s_fu_355    |generic_round_float_s           |        0|   0|  115|  209|    0|
    |grp_generic_round_float_s_fu_364    |generic_round_float_s           |        0|   0|  115|  209|    0|
    |grp_generic_round_float_s_fu_373    |generic_round_float_s           |        0|   0|  115|  209|    0|
    |grp_generic_round_float_s_fu_382    |generic_round_float_s           |        0|   0|  115|  209|    0|
    |grp_generic_round_float_s_fu_391    |generic_round_float_s           |        0|   0|  115|  209|    0|
    +------------------------------------+--------------------------------+---------+----+-----+-----+-----+
    |Total                               |                                |        0|  49| 4091| 4822|    0|
    +------------------------------------+--------------------------------+---------+----+-----+-----+-----+

    * DSP: 
    N/A

    * Memory: 
    N/A

    * FIFO: 
    N/A

    * Expression: 
    +---------------------------+----------+----+---+----+------------+------------+
    |       Variable Name       | Operation| DSP| FF| LUT| Bitwidth P0| Bitwidth P1|
    +---------------------------+----------+----+---+----+------------+------------+
    |and_ln18_1_fu_950_p2       |       and|   0|  0|   2|           1|           1|
    |and_ln18_2_fu_1020_p2      |       and|   0|  0|   2|           1|           1|
    |and_ln18_3_fu_1194_p2      |       and|   0|  0|   2|           1|           1|
    |and_ln18_4_fu_1078_p2      |       and|   0|  0|   2|           1|           1|
    |and_ln18_5_fu_1136_p2      |       and|   0|  0|   2|           1|           1|
    |and_ln18_6_fu_1252_p2      |       and|   0|  0|   2|           1|           1|
    |and_ln18_7_fu_1309_p2      |       and|   0|  0|   2|           1|           1|
    |and_ln18_fu_892_p2         |       and|   0|  0|   2|           1|           1|
    |and_ln47_1_fu_812_p2       |       and|   0|  0|   2|           1|           1|
    |and_ln47_2_fu_1394_p2      |       and|   0|  0|   2|           1|           1|
    |and_ln47_fu_762_p2         |       and|   0|  0|   2|           1|           1|
    |and_ln86_10_fu_1821_p2     |       and|   0|  0|   2|           1|           1|
    |and_ln86_11_fu_1827_p2     |       and|   0|  0|   2|           1|           1|
    |and_ln86_12_fu_1890_p2     |       and|   0|  0|   2|           1|           1|
    |and_ln86_13_fu_1896_p2     |       and|   0|  0|   2|           1|           1|
    |and_ln86_14_fu_1960_p2     |       and|   0|  0|   2|           1|           1|
    |and_ln86_15_fu_1966_p2     |       and|   0|  0|   2|           1|           1|
    |and_ln86_1_fu_1481_p2      |       and|   0|  0|   2|           1|           1|
    |and_ln86_2_fu_1545_p2      |       and|   0|  0|   2|           1|           1|
    |and_ln86_3_fu_1551_p2      |       and|   0|  0|   2|           1|           1|
    |and_ln86_4_fu_1615_p2      |       and|   0|  0|   2|           1|           1|
    |and_ln86_5_fu_1621_p2      |       and|   0|  0|   2|           1|           1|
    |and_ln86_6_fu_1684_p2      |       and|   0|  0|   2|           1|           1|
    |and_ln86_7_fu_1689_p2      |       and|   0|  0|   2|           1|           1|
    |and_ln86_8_fu_1752_p2      |       and|   0|  0|   2|           1|           1|
    |and_ln86_9_fu_1758_p2      |       and|   0|  0|   2|           1|           1|
    |and_ln86_fu_1475_p2        |       and|   0|  0|   2|           1|           1|
    |icmp_ln18_10_fu_1072_p2    |      icmp|   0|  0|  30|          23|           1|
    |icmp_ln18_11_fu_1124_p2    |      icmp|   0|  0|  15|           8|           2|
    |icmp_ln18_12_fu_1130_p2    |      icmp|   0|  0|  30|          23|           1|
    |icmp_ln18_13_fu_1240_p2    |      icmp|   0|  0|  15|           8|           2|
    |icmp_ln18_14_fu_1246_p2    |      icmp|   0|  0|  30|          23|           1|
    |icmp_ln18_15_fu_1297_p2    |      icmp|   0|  0|  15|           8|           2|
    |icmp_ln18_16_fu_1303_p2    |      icmp|   0|  0|  30|          23|           1|
    |icmp_ln18_2_fu_886_p2      |      icmp|   0|  0|  30|          23|           1|
    |icmp_ln18_3_fu_938_p2      |      icmp|   0|  0|  15|           8|           2|
    |icmp_ln18_4_fu_944_p2      |      icmp|   0|  0|  30|          23|           1|
    |icmp_ln18_5_fu_1008_p2     |      icmp|   0|  0|  15|           8|           2|
    |icmp_ln18_6_fu_1014_p2     |      icmp|   0|  0|  30|          23|           1|
    |icmp_ln18_7_fu_1182_p2     |      icmp|   0|  0|  15|           8|           2|
    |icmp_ln18_8_fu_1188_p2     |      icmp|   0|  0|  30|          23|           1|
    |icmp_ln18_9_fu_1066_p2     |      icmp|   0|  0|  15|           8|           2|
    |icmp_ln18_fu_880_p2        |      icmp|   0|  0|  15|           8|           2|
    |icmp_ln47_1_fu_750_p2      |      icmp|   0|  0|  30|          23|           1|
    |icmp_ln47_2_fu_794_p2      |      icmp|   0|  0|  15|           8|           2|
    |icmp_ln47_3_fu_800_p2      |      icmp|   0|  0|  30|          23|           1|
    |icmp_ln47_4_fu_1378_p2     |      icmp|   0|  0|  15|           8|           2|
    |icmp_ln47_5_fu_1384_p2     |      icmp|   0|  0|  30|          23|           1|
    |icmp_ln47_fu_744_p2        |      icmp|   0|  0|  15|           8|           2|
    |icmp_ln86_10_fu_1803_p2    |      icmp|   0|  0|  15|           8|           2|
    |icmp_ln86_11_fu_1809_p2    |      icmp|   0|  0|  30|          23|           1|
    |icmp_ln86_12_fu_1872_p2    |      icmp|   0|  0|  15|           8|           2|
    |icmp_ln86_13_fu_1878_p2    |      icmp|   0|  0|  30|          23|           1|
    |icmp_ln86_14_fu_1942_p2    |      icmp|   0|  0|  15|           8|           2|
    |icmp_ln86_15_fu_1948_p2    |      icmp|   0|  0|  30|          23|           1|
    |icmp_ln86_1_fu_1463_p2     |      icmp|   0|  0|  30|          23|           1|
    |icmp_ln86_2_fu_1527_p2     |      icmp|   0|  0|  15|           8|           2|
    |icmp_ln86_3_fu_1533_p2     |      icmp|   0|  0|  30|          23|           1|
    |icmp_ln86_4_fu_1597_p2     |      icmp|   0|  0|  15|           8|           2|
    |icmp_ln86_5_fu_1603_p2     |      icmp|   0|  0|  30|          23|           1|
    |icmp_ln86_6_fu_1666_p2     |      icmp|   0|  0|  15|           8|           2|
    |icmp_ln86_7_fu_1672_p2     |      icmp|   0|  0|  30|          23|           1|
    |icmp_ln86_8_fu_1734_p2     |      icmp|   0|  0|  15|           8|           2|
    |icmp_ln86_9_fu_1740_p2     |      icmp|   0|  0|  30|          23|           1|
    |icmp_ln86_fu_1457_p2       |      icmp|   0|  0|  15|           8|           2|
    |ymaggreater_2_fu_956_p2    |      icmp|   0|  0|  39|          32|          31|
    |ymaggreater_3_fu_1026_p2   |      icmp|   0|  0|  39|          32|          31|
    |ymaggreater_4_fu_1200_p2   |      icmp|   0|  0|  39|          32|          31|
    |ymaggreater_5_fu_1084_p2   |      icmp|   0|  0|  39|          32|          31|
    |ymaggreater_6_fu_1142_p2   |      icmp|   0|  0|  39|          32|          31|
    |ymaggreater_7_fu_1258_p2   |      icmp|   0|  0|  39|          32|          31|
    |ymaggreater_8_fu_1315_p2   |      icmp|   0|  0|  39|          32|          31|
    |ymaggreater_fu_898_p2      |      icmp|   0|  0|  39|          32|          31|
    |or_ln47_1_fu_806_p2        |        or|   0|  0|   2|           1|           1|
    |or_ln47_2_fu_1390_p2       |        or|   0|  0|   2|           1|           1|
    |or_ln47_fu_756_p2          |        or|   0|  0|   2|           1|           1|
    |or_ln86_10_fu_1609_p2      |        or|   0|  0|   2|           1|           1|
    |or_ln86_11_fu_1678_p2      |        or|   0|  0|   2|           1|           1|
    |or_ln86_12_fu_1746_p2      |        or|   0|  0|   2|           1|           1|
    |or_ln86_13_fu_1815_p2      |        or|   0|  0|   2|           1|           1|
    |or_ln86_14_fu_1884_p2      |        or|   0|  0|   2|           1|           1|
    |or_ln86_15_fu_1954_p2      |        or|   0|  0|   2|           1|           1|
    |or_ln86_1_fu_1565_p2       |        or|   0|  0|   2|           1|           1|
    |or_ln86_2_fu_1635_p2       |        or|   0|  0|   2|           1|           1|
    |or_ln86_3_fu_1703_p2       |        or|   0|  0|   2|           1|           1|
    |or_ln86_4_fu_1772_p2       |        or|   0|  0|   2|           1|           1|
    |or_ln86_5_fu_1841_p2       |        or|   0|  0|   2|           1|           1|
    |or_ln86_6_fu_1910_p2       |        or|   0|  0|   2|           1|           1|
    |or_ln86_7_fu_1980_p2       |        or|   0|  0|   2|           1|           1|
    |or_ln86_8_fu_1469_p2       |        or|   0|  0|   2|           1|           1|
    |or_ln86_9_fu_1539_p2       |        or|   0|  0|   2|           1|           1|
    |or_ln86_fu_1495_p2         |        or|   0|  0|   2|           1|           1|
    |res_10_fu_1148_p3          |    select|   0|  0|  32|           1|          32|
    |res_12_fu_1264_p3          |    select|   0|  0|  32|           1|          32|
    |res_14_fu_1321_p3          |    select|   0|  0|  32|           1|          32|
    |res_16_fu_912_p3           |    select|   0|  0|  32|           1|          31|
    |res_17_fu_970_p3           |    select|   0|  0|  32|           1|          31|
    |res_18_fu_1040_p3          |    select|   0|  0|  32|           1|          31|
    |res_19_fu_1214_p3          |    select|   0|  0|  32|           1|          31|
    |res_20_fu_1098_p3          |    select|   0|  0|  32|           1|          31|
    |res_21_fu_1156_p3          |    select|   0|  0|  32|           1|          31|
    |res_22_fu_1272_p3          |    select|   0|  0|  32|           1|          31|
    |res_23_fu_1328_p3          |    select|   0|  0|  32|           1|          31|
    |res_2_fu_962_p3            |    select|   0|  0|  32|           1|          32|
    |res_4_fu_1032_p3           |    select|   0|  0|  32|           1|          32|
    |res_6_fu_1206_p3           |    select|   0|  0|  32|           1|          32|
    |res_8_fu_1090_p3           |    select|   0|  0|  32|           1|          32|
    |res_fu_904_p3              |    select|   0|  0|  32|           1|          32|
    |scaled_11_fu_1847_p3       |    select|   0|  0|  32|           1|          32|
    |scaled_13_fu_1916_p3       |    select|   0|  0|  32|           1|          32|
    |scaled_15_fu_1986_p3       |    select|   0|  0|  32|           1|          32|
    |scaled_1_fu_1501_p3        |    select|   0|  0|  32|           1|          32|
    |scaled_3_fu_1571_p3        |    select|   0|  0|  32|           1|          32|
    |scaled_5_fu_1641_p3        |    select|   0|  0|  32|           1|          32|
    |scaled_7_fu_1709_p3        |    select|   0|  0|  32|           1|          32|
    |scaled_9_fu_1778_p3        |    select|   0|  0|  32|           1|          32|
    |select_ln47_1_fu_818_p3    |    select|   0|  0|  32|           1|          30|
    |select_ln47_fu_768_p3      |    select|   0|  0|  32|           1|          30|
    |select_ln75_fu_1400_p3     |    select|   0|  0|  64|           1|          62|
    |select_ln86_10_fu_1833_p3  |    select|   0|  0|  32|           1|          30|
    |select_ln86_12_fu_1902_p3  |    select|   0|  0|  32|           1|          30|
    |select_ln86_14_fu_1972_p3  |    select|   0|  0|  32|           1|          30|
    |select_ln86_2_fu_1557_p3   |    select|   0|  0|  32|           1|          30|
    |select_ln86_4_fu_1627_p3   |    select|   0|  0|  32|           1|          30|
    |select_ln86_6_fu_1695_p3   |    select|   0|  0|  32|           1|          30|
    |select_ln86_8_fu_1764_p3   |    select|   0|  0|  32|           1|          30|
    |select_ln86_fu_1487_p3     |    select|   0|  0|  32|           1|          30|
    |ap_enable_pp0              |       xor|   0|  0|   2|           1|           2|
    +---------------------------+----------+----+---+----+------------+------------+
    |Total                      |          |   0|  0|2413|         927|        1475|
    +---------------------------+----------+----+---+----+------------+------------+

    * Multiplexer: 
    +------------------------------------+----+-----------+-----+-----------+
    |                Name                | LUT| Input Size| Bits| Total Bits|
    +------------------------------------+----+-----------+-----+-----------+
    |ap_NS_fsm                           |  20|          4|    1|          4|
    |ap_enable_reg_pp0_iter0             |   9|          2|    1|          2|
    |ap_enable_reg_pp0_iter24            |   9|          2|    1|          2|
    |grp_find_max_abs_fu_338_arr_0_val   |  14|          3|   32|         96|
    |grp_find_max_abs_fu_338_arr_1_val   |  14|          3|   32|         96|
    |grp_find_max_abs_fu_338_arr_2_val   |  14|          3|   32|         96|
    |grp_find_max_abs_fu_338_arr_3_val   |  14|          3|   32|         96|
    |grp_fu_419_p0                       |  20|          4|   32|        128|
    |grp_fu_419_p1                       |  14|          3|   32|         96|
    |grp_fu_424_p0                       |  20|          4|   32|        128|
    |grp_fu_424_p1                       |  20|          4|   32|        128|
    |grp_fu_428_p0                       |  20|          4|   32|        128|
    |grp_fu_428_p1                       |  20|          4|   32|        128|
    |grp_fu_432_p0                       |  20|          4|   32|        128|
    |grp_fu_432_p1                       |  20|          4|   32|        128|
    |grp_fu_436_p0                       |  20|          4|   32|        128|
    |grp_fu_436_p1                       |  20|          4|   32|        128|
    |grp_fu_440_p0                       |  20|          4|   32|        128|
    |grp_fu_440_p1                       |  20|          4|   32|        128|
    |grp_fu_444_p0                       |  20|          4|   32|        128|
    |grp_fu_444_p1                       |  20|          4|   32|        128|
    |grp_fu_448_p0                       |  20|          4|   32|        128|
    |grp_fu_448_p1                       |  20|          4|   32|        128|
    |grp_fu_455_p0                       |  20|          4|   32|        128|
    |grp_fu_455_p1                       |  14|          3|   32|         96|
    |grp_fu_460_p0                       |  20|          4|   32|        128|
    |grp_fu_460_p1                       |  20|          4|   32|        128|
    |grp_fu_465_p0                       |  20|          4|   32|        128|
    |grp_fu_465_p1                       |  20|          4|   32|        128|
    |grp_fu_470_p0                       |  20|          4|   32|        128|
    |grp_fu_470_p1                       |  20|          4|   32|        128|
    |grp_fu_475_p0                       |  20|          4|   32|        128|
    |grp_fu_475_p1                       |  20|          4|   32|        128|
    |grp_fu_482_p0                       |  20|          4|   32|        128|
    |grp_fu_482_p1                       |  20|          4|   32|        128|
    |grp_fu_487_p0                       |  20|          4|   32|        128|
    |grp_fu_487_p1                       |  20|          4|   32|        128|
    |grp_fu_492_p0                       |  20|          4|   32|        128|
    |grp_fu_492_p1                       |  20|          4|   32|        128|
    |grp_fu_496_p0                       |  20|          4|   32|        128|
    |grp_fu_496_p1                       |  20|          4|   32|        128|
    |grp_fu_500_p0                       |  20|          4|   32|        128|
    |grp_fu_500_p1                       |  20|          4|   32|        128|
    |grp_fu_504_p0                       |  20|          4|   32|        128|
    |grp_fu_504_p1                       |  20|          4|   32|        128|
    |grp_fu_508_p0                       |  14|          3|   32|         96|
    |grp_fu_508_p1                       |  20|          4|   32|        128|
    |grp_fu_513_p0                       |  20|          4|   32|        128|
    |grp_fu_513_p1                       |  14|          3|   32|         96|
    |grp_fu_517_p0                       |  20|          4|   32|        128|
    |grp_fu_517_p1                       |  14|          3|   32|         96|
    |grp_fu_521_p0                       |  20|          4|   32|        128|
    |grp_fu_521_p1                       |  14|          3|   32|         96|
    |grp_fu_525_p0                       |  20|          4|   32|        128|
    |grp_fu_525_p1                       |  14|          3|   32|         96|
    |grp_fu_529_p0                       |  20|          4|   32|        128|
    |grp_fu_529_p1                       |  14|          3|   32|         96|
    |grp_fu_539_opcode                   |  14|          3|    5|         15|
    |grp_fu_539_p0                       |  14|          3|   32|         96|
    |grp_fu_539_p1                       |  14|          3|   32|         96|
    |grp_fu_545_p0                       |  20|          4|   32|        128|
    |grp_fu_545_p1                       |  14|          3|   32|         96|
    |grp_fu_554_p0                       |  20|          4|   32|        128|
    |grp_fu_560_p0                       |  20|          4|   32|        128|
    |grp_fu_566_p0                       |  20|          4|   32|        128|
    |grp_fu_572_p0                       |  20|          4|   32|        128|
    |grp_generic_fmax_float_s_fu_406_x   |  14|          3|   32|         96|
    |grp_generic_fmax_float_s_fu_412_x   |  14|          3|   32|         96|
    |grp_generic_round_float_s_fu_346_x  |  20|          4|   32|        128|
    |grp_generic_round_float_s_fu_355_x  |  14|          3|   32|         96|
    |grp_generic_round_float_s_fu_364_x  |  20|          4|   32|        128|
    |grp_generic_round_float_s_fu_373_x  |  20|          4|   32|        128|
    |grp_generic_round_float_s_fu_382_x  |  14|          3|   32|         96|
    |grp_generic_round_float_s_fu_391_x  |  14|          3|   32|         96|
    |weight_0_address0                   |  14|          3|    2|          6|
    |weight_0_address1                   |  14|          3|    2|          6|
    |weight_1_address0                   |  14|          3|    2|          6|
    |weight_1_address1                   |  14|          3|    2|          6|
    +------------------------------------+----+-----------+-----+-----------+
    |Total                               |1388|        283| 2256|       8367|
    +------------------------------------+----+-----------+-----+-----------+

    * Register: 
    +-----------------------------------------------+----+----+-----+-----------+
    |                      Name                     | FF | LUT| Bits| Const Bits|
    +-----------------------------------------------+----+----+-----+-----------+
    |add_120_1_i_reg_2767                           |  32|   0|   32|          0|
    |add_120_2_i_reg_2787                           |  32|   0|   32|          0|
    |add_120_3_i_reg_2807                           |  32|   0|   32|          0|
    |add_120_i_reg_2732                             |  32|   0|   32|          0|
    |add_125_i_reg_2762                             |  32|   0|   32|          0|
    |add_1_111_i_reg_2772                           |  32|   0|   32|          0|
    |add_1_1_1_i_reg_2777                           |  32|   0|   32|          0|
    |add_1_1_2_i_reg_2797                           |  32|   0|   32|          0|
    |add_1_1_3_i_reg_2817                           |  32|   0|   32|          0|
    |add_1_1_i_reg_2752                             |  32|   0|   32|          0|
    |add_1_2_i_reg_2792                             |  32|   0|   32|          0|
    |add_1_3_i_reg_2812                             |  32|   0|   32|          0|
    |add_1_i_reg_2742                               |  32|   0|   32|          0|
    |add_2_i_reg_2782                               |  32|   0|   32|          0|
    |add_3_i_reg_2802                               |  32|   0|   32|          0|
    |add_i_reg_2722                                 |  32|   0|   32|          0|
    |ap_CS_fsm                                      |   3|   0|    3|          0|
    |ap_enable_reg_pp0_iter0_reg                    |   1|   0|    1|          0|
    |ap_enable_reg_pp0_iter1                        |   1|   0|    1|          0|
    |ap_enable_reg_pp0_iter10                       |   1|   0|    1|          0|
    |ap_enable_reg_pp0_iter11                       |   1|   0|    1|          0|
    |ap_enable_reg_pp0_iter12                       |   1|   0|    1|          0|
    |ap_enable_reg_pp0_iter13                       |   1|   0|    1|          0|
    |ap_enable_reg_pp0_iter14                       |   1|   0|    1|          0|
    |ap_enable_reg_pp0_iter15                       |   1|   0|    1|          0|
    |ap_enable_reg_pp0_iter16                       |   1|   0|    1|          0|
    |ap_enable_reg_pp0_iter17                       |   1|   0|    1|          0|
    |ap_enable_reg_pp0_iter18                       |   1|   0|    1|          0|
    |ap_enable_reg_pp0_iter19                       |   1|   0|    1|          0|
    |ap_enable_reg_pp0_iter2                        |   1|   0|    1|          0|
    |ap_enable_reg_pp0_iter20                       |   1|   0|    1|          0|
    |ap_enable_reg_pp0_iter21                       |   1|   0|    1|          0|
    |ap_enable_reg_pp0_iter22                       |   1|   0|    1|          0|
    |ap_enable_reg_pp0_iter23                       |   1|   0|    1|          0|
    |ap_enable_reg_pp0_iter24                       |   1|   0|    1|          0|
    |ap_enable_reg_pp0_iter3                        |   1|   0|    1|          0|
    |ap_enable_reg_pp0_iter4                        |   1|   0|    1|          0|
    |ap_enable_reg_pp0_iter5                        |   1|   0|    1|          0|
    |ap_enable_reg_pp0_iter6                        |   1|   0|    1|          0|
    |ap_enable_reg_pp0_iter7                        |   1|   0|    1|          0|
    |ap_enable_reg_pp0_iter8                        |   1|   0|    1|          0|
    |ap_enable_reg_pp0_iter9                        |   1|   0|    1|          0|
    |data_13_reg_2124                               |  32|   0|   32|          0|
    |data_14_reg_2134                               |  32|   0|   32|          0|
    |data_15_reg_2144                               |  32|   0|   32|          0|
    |data_16_reg_2203                               |  32|   0|   32|          0|
    |data_17_reg_2213                               |  32|   0|   32|          0|
    |data_18_reg_2223                               |  32|   0|   32|          0|
    |data_19_reg_2233                               |  32|   0|   32|          0|
    |data_reg_2114                                  |  32|   0|   32|          0|
    |div_i8_reg_2473                                |  64|   0|   64|          0|
    |empty_10_reg_2186                              |  32|   0|   32|          0|
    |empty_11_reg_2103                              |  32|   0|   32|          0|
    |empty_12_reg_2192                              |  32|   0|   32|          0|
    |empty_6_reg_2174                               |  32|   0|   32|          0|
    |empty_7_reg_2081                               |  32|   0|   32|          0|
    |empty_8_reg_2180                               |  32|   0|   32|          0|
    |empty_9_reg_2092                               |  32|   0|   32|          0|
    |empty_reg_2070                                 |  32|   0|   32|          0|
    |grp_generic_round_float_s_fu_346_ap_start_reg  |   1|   0|    1|          0|
    |grp_generic_round_float_s_fu_355_ap_start_reg  |   1|   0|    1|          0|
    |grp_generic_round_float_s_fu_364_ap_start_reg  |   1|   0|    1|          0|
    |grp_generic_round_float_s_fu_373_ap_start_reg  |   1|   0|    1|          0|
    |grp_generic_round_float_s_fu_382_ap_start_reg  |   1|   0|    1|          0|
    |grp_generic_round_float_s_fu_391_ap_start_reg  |   1|   0|    1|          0|
    |icmp_ln47_4_reg_2453                           |   1|   0|    1|          0|
    |icmp_ln47_5_reg_2458                           |   1|   0|    1|          0|
    |input_0_load_1_reg_2076                        |  32|   0|   32|          0|
    |input_1_load_1_reg_2087                        |  32|   0|   32|          0|
    |input_2_load_1_reg_2098                        |  32|   0|   32|          0|
    |input_3_load_1_reg_2109                        |  32|   0|   32|          0|
    |input_quant_1_reg_2406                         |  32|   0|   32|          0|
    |input_quant_2_reg_2412                         |  32|   0|   32|          0|
    |input_quant_3_reg_2435                         |  32|   0|   32|          0|
    |input_quant_4_reg_2418                         |  32|   0|   32|          0|
    |input_quant_5_reg_2424                         |  32|   0|   32|          0|
    |input_quant_6_reg_2441                         |  32|   0|   32|          0|
    |input_quant_7_reg_2447                         |  32|   0|   32|          0|
    |input_quant_reg_2400                           |  32|   0|   32|          0|
    |mul_119_1_i_reg_2697                           |  32|   0|   32|          0|
    |mul_119_2_i_reg_2702                           |  32|   0|   32|          0|
    |mul_119_3_i_reg_2737                           |  32|   0|   32|          0|
    |mul_119_i_reg_2672                             |  32|   0|   32|          0|
    |mul_124_i_reg_2667                             |  32|   0|   32|          0|
    |mul_124_i_reg_2667_pp0_iter20_reg              |  32|   0|   32|          0|
    |mul_1_110_i_reg_2682                           |  32|   0|   32|          0|
    |mul_1_110_i_reg_2682_pp0_iter20_reg            |  32|   0|   32|          0|
    |mul_1_1_1_i_reg_2712                           |  32|   0|   32|          0|
    |mul_1_1_2_i_reg_2717                           |  32|   0|   32|          0|
    |mul_1_1_3_i_reg_2757                           |  32|   0|   32|          0|
    |mul_1_1_i_reg_2687                             |  32|   0|   32|          0|
    |mul_1_2_i_reg_2707                             |  32|   0|   32|          0|
    |mul_1_3_i_reg_2747                             |  32|   0|   32|          0|
    |mul_1_i_reg_2677                               |  32|   0|   32|          0|
    |mul_2_i_reg_2692                               |  32|   0|   32|          0|
    |mul_3_i_reg_2727                               |  32|   0|   32|          0|
    |mul_i_reg_2662                                 |  32|   0|   32|          0|
    |p_x_assign_2_reg_2533                          |  32|   0|   32|          0|
    |p_x_assign_3_reg_2538                          |  32|   0|   32|          0|
    |p_x_assign_4_reg_2543                          |  32|   0|   32|          0|
    |p_x_assign_5_reg_2548                          |  32|   0|   32|          0|
    |reg_597                                        |  32|   0|   32|          0|
    |reg_602                                        |  32|   0|   32|          0|
    |reg_609                                        |  32|   0|   32|          0|
    |reg_618                                        |  32|   0|   32|          0|
    |reg_626                                        |  32|   0|   32|          0|
    |res_16_reg_2324                                |  32|   0|   32|          0|
    |res_17_reg_2329                                |  32|   0|   32|          0|
    |res_18_reg_2344                                |  32|   0|   32|          0|
    |res_19_reg_2359                                |  32|   0|   32|          0|
    |res_20_reg_2349                                |  32|   0|   32|          0|
    |res_21_reg_2354                                |  32|   0|   32|          0|
    |res_22_reg_2364                                |  32|   0|   32|          0|
    |res_23_reg_2380                                |  32|   0|   32|          0|
    |scale_1_reg_2303                               |  32|   0|   32|          0|
    |scale_2_reg_2478                               |  32|   0|   32|          0|
    |scale_reg_2288                                 |  32|   0|   32|          0|
    |scaled_10_reg_2581                             |  32|   0|   32|          0|
    |scaled_11_reg_2599                             |  32|   0|   32|          0|
    |scaled_13_reg_2604                             |  32|   0|   32|          0|
    |scaled_15_reg_2609                             |  32|   0|   32|          0|
    |scaled_1_reg_2561                              |  32|   0|   32|          0|
    |scaled_3_reg_2566                              |  32|   0|   32|          0|
    |scaled_5_reg_2571                              |  32|   0|   32|          0|
    |scaled_6_reg_2553                              |  32|   0|   32|          0|
    |scaled_7_reg_2589                              |  32|   0|   32|          0|
    |scaled_9_reg_2594                              |  32|   0|   32|          0|
    |scaled_val_2_reg_2314                          |  32|   0|   32|          0|
    |scaled_val_7_reg_2334                          |  32|   0|   32|          0|
    |select_ln47_1_reg_2263                         |  32|   0|   32|          0|
    |select_ln47_reg_2253                           |  32|   0|   32|          0|
    |select_ln75_reg_2468                           |  64|   0|   64|          0|
    |sum_1_reg_2258                                 |  32|   0|   32|          0|
    |sum_2_reg_2273                                 |  32|   0|   32|          0|
    |sum_3_reg_2283                                 |  32|   0|   32|          0|
    |sum_4_reg_2319                                 |  32|   0|   32|          0|
    |sum_5_reg_2375                                 |  32|   0|   32|          0|
    |sum_6_reg_2390                                 |  32|   0|   32|          0|
    |sum_7_reg_2430                                 |  32|   0|   32|          0|
    |sum_reg_2243                                   |  32|   0|   32|          0|
    |tmp_25_reg_2576                                |   1|   0|    1|          0|
    |tmp_7_reg_2463                                 |  64|   0|   64|          0|
    |trunc_ln313_10_reg_2238                        |  31|   0|   31|          0|
    |trunc_ln313_4_reg_2129                         |  31|   0|   31|          0|
    |trunc_ln313_4_reg_2129_pp0_iter1_reg           |  31|   0|   31|          0|
    |trunc_ln313_5_reg_2139                         |  31|   0|   31|          0|
    |trunc_ln313_6_reg_2149                         |  31|   0|   31|          0|
    |trunc_ln313_7_reg_2208                         |  31|   0|   31|          0|
    |trunc_ln313_8_reg_2218                         |  31|   0|   31|          0|
    |trunc_ln313_9_reg_2228                         |  31|   0|   31|          0|
    |trunc_ln313_reg_2119                           |  31|   0|   31|          0|
    |weight_quantized_1_reg_2620                    |  32|   0|   32|          0|
    |weight_quantized_2_reg_2626                    |  32|   0|   32|          0|
    |weight_quantized_3_reg_2632                    |  32|   0|   32|          0|
    |weight_quantized_4_reg_2638                    |  32|   0|   32|          0|
    |weight_quantized_5_reg_2644                    |  32|   0|   32|          0|
    |weight_quantized_6_reg_2650                    |  32|   0|   32|          0|
    |weight_quantized_7_reg_2656                    |  32|   0|   32|          0|
    |weight_quantized_reg_2614                      |  32|   0|   32|          0|
    |x_assign_6_reg_2369                            |  32|   0|   32|          0|
    |data_13_reg_2124                               |  64|  32|   32|          0|
    |data_14_reg_2134                               |  64|  32|   32|          0|
    |data_15_reg_2144                               |  64|  32|   32|          0|
    |data_16_reg_2203                               |  64|  32|   32|          0|
    |data_17_reg_2213                               |  64|  32|   32|          0|
    |data_18_reg_2223                               |  64|  32|   32|          0|
    |data_19_reg_2233                               |  64|  32|   32|          0|
    |data_reg_2114                                  |  64|  32|   32|          0|
    |empty_10_reg_2186                              |  64|  32|   32|          0|
    |empty_11_reg_2103                              |  64|  32|   32|          0|
    |empty_12_reg_2192                              |  64|  32|   32|          0|
    |empty_6_reg_2174                               |  64|  32|   32|          0|
    |empty_7_reg_2081                               |  64|  32|   32|          0|
    |empty_8_reg_2180                               |  64|  32|   32|          0|
    |empty_9_reg_2092                               |  64|  32|   32|          0|
    |empty_reg_2070                                 |  64|  32|   32|          0|
    |input_quant_1_reg_2406                         |  64|  32|   32|          0|
    |input_quant_2_reg_2412                         |  64|  32|   32|          0|
    |input_quant_3_reg_2435                         |  64|  32|   32|          0|
    |input_quant_4_reg_2418                         |  64|  32|   32|          0|
    |input_quant_5_reg_2424                         |  64|  32|   32|          0|
    |input_quant_6_reg_2441                         |  64|  32|   32|          0|
    |input_quant_7_reg_2447                         |  64|  32|   32|          0|
    |input_quant_reg_2400                           |  64|  32|   32|          0|
    |mul_119_2_i_reg_2702                           |  64|  32|   32|          0|
    |mul_119_3_i_reg_2737                           |  64|  32|   32|          0|
    |mul_1_1_2_i_reg_2717                           |  64|  32|   32|          0|
    |mul_1_1_3_i_reg_2757                           |  64|  32|   32|          0|
    |mul_1_2_i_reg_2707                             |  64|  32|   32|          0|
    |mul_1_3_i_reg_2747                             |  64|  32|   32|          0|
    |mul_2_i_reg_2692                               |  64|  32|   32|          0|
    |mul_3_i_reg_2727                               |  64|  32|   32|          0|
    |scale_1_reg_2303                               |  64|  32|   32|          0|
    |scale_2_reg_2478                               |  64|  32|   32|          0|
    |scale_reg_2288                                 |  64|  32|   32|          0|
    |trunc_ln313_10_reg_2238                        |  64|  32|   31|          0|
    |trunc_ln313_5_reg_2139                         |  64|  32|   31|          0|
    |trunc_ln313_6_reg_2149                         |  64|  32|   31|          0|
    |trunc_ln313_7_reg_2208                         |  64|  32|   31|          0|
    |trunc_ln313_8_reg_2218                         |  64|  32|   31|          0|
    |trunc_ln313_9_reg_2228                         |  64|  32|   31|          0|
    +-----------------------------------------------+----+----+-----+-----------+
    |Total                                          |6748|1312| 5430|          0|
    +-----------------------------------------------+----+----+-----+-----------+



================================================================
== Interface
================================================================
* Summary: 
+-------------------+-----+-----+------------+--------------+--------------+
|     RTL Ports     | Dir | Bits|  Protocol  | Source Object|    C Type    |
+-------------------+-----+-----+------------+--------------+--------------+
|ap_clk             |   in|    1|  ap_ctrl_hs|    bit_linear|  return value|
|ap_rst             |   in|    1|  ap_ctrl_hs|    bit_linear|  return value|
|ap_start           |   in|    1|  ap_ctrl_hs|    bit_linear|  return value|
|ap_done            |  out|    1|  ap_ctrl_hs|    bit_linear|  return value|
|ap_idle            |  out|    1|  ap_ctrl_hs|    bit_linear|  return value|
|ap_ready           |  out|    1|  ap_ctrl_hs|    bit_linear|  return value|
|input_0_address0   |  out|    1|   ap_memory|       input_0|         array|
|input_0_ce0        |  out|    1|   ap_memory|       input_0|         array|
|input_0_q0         |   in|   32|   ap_memory|       input_0|         array|
|input_0_address1   |  out|    1|   ap_memory|       input_0|         array|
|input_0_ce1        |  out|    1|   ap_memory|       input_0|         array|
|input_0_q1         |   in|   32|   ap_memory|       input_0|         array|
|input_1_address0   |  out|    1|   ap_memory|       input_1|         array|
|input_1_ce0        |  out|    1|   ap_memory|       input_1|         array|
|input_1_q0         |   in|   32|   ap_memory|       input_1|         array|
|input_1_address1   |  out|    1|   ap_memory|       input_1|         array|
|input_1_ce1        |  out|    1|   ap_memory|       input_1|         array|
|input_1_q1         |   in|   32|   ap_memory|       input_1|         array|
|input_2_address0   |  out|    1|   ap_memory|       input_2|         array|
|input_2_ce0        |  out|    1|   ap_memory|       input_2|         array|
|input_2_q0         |   in|   32|   ap_memory|       input_2|         array|
|input_2_address1   |  out|    1|   ap_memory|       input_2|         array|
|input_2_ce1        |  out|    1|   ap_memory|       input_2|         array|
|input_2_q1         |   in|   32|   ap_memory|       input_2|         array|
|input_3_address0   |  out|    1|   ap_memory|       input_3|         array|
|input_3_ce0        |  out|    1|   ap_memory|       input_3|         array|
|input_3_q0         |   in|   32|   ap_memory|       input_3|         array|
|input_3_address1   |  out|    1|   ap_memory|       input_3|         array|
|input_3_ce1        |  out|    1|   ap_memory|       input_3|         array|
|input_3_q1         |   in|   32|   ap_memory|       input_3|         array|
|weight_0_address0  |  out|    2|   ap_memory|      weight_0|         array|
|weight_0_ce0       |  out|    1|   ap_memory|      weight_0|         array|
|weight_0_q0        |   in|   32|   ap_memory|      weight_0|         array|
|weight_0_address1  |  out|    2|   ap_memory|      weight_0|         array|
|weight_0_ce1       |  out|    1|   ap_memory|      weight_0|         array|
|weight_0_q1        |   in|   32|   ap_memory|      weight_0|         array|
|weight_1_address0  |  out|    2|   ap_memory|      weight_1|         array|
|weight_1_ce0       |  out|    1|   ap_memory|      weight_1|         array|
|weight_1_q0        |   in|   32|   ap_memory|      weight_1|         array|
|weight_1_address1  |  out|    2|   ap_memory|      weight_1|         array|
|weight_1_ce1       |  out|    1|   ap_memory|      weight_1|         array|
|weight_1_q1        |   in|   32|   ap_memory|      weight_1|         array|
|output_0_address0  |  out|    1|   ap_memory|      output_0|         array|
|output_0_ce0       |  out|    1|   ap_memory|      output_0|         array|
|output_0_we0       |  out|    1|   ap_memory|      output_0|         array|
|output_0_d0        |  out|   32|   ap_memory|      output_0|         array|
|output_0_address1  |  out|    1|   ap_memory|      output_0|         array|
|output_0_ce1       |  out|    1|   ap_memory|      output_0|         array|
|output_0_we1       |  out|    1|   ap_memory|      output_0|         array|
|output_0_d1        |  out|   32|   ap_memory|      output_0|         array|
|output_1_address0  |  out|    1|   ap_memory|      output_1|         array|
|output_1_ce0       |  out|    1|   ap_memory|      output_1|         array|
|output_1_we0       |  out|    1|   ap_memory|      output_1|         array|
|output_1_d0        |  out|   32|   ap_memory|      output_1|         array|
|output_1_address1  |  out|    1|   ap_memory|      output_1|         array|
|output_1_ce1       |  out|    1|   ap_memory|      output_1|         array|
|output_1_we1       |  out|    1|   ap_memory|      output_1|         array|
|output_1_d1        |  out|   32|   ap_memory|      output_1|         array|
+-------------------+-----+-----+------------+--------------+--------------+

