

================================================================
== Vitis HLS Report for 'find_max_abs'
================================================================
* Date:           Mon Jul 29 22:45:43 2024

* Version:        2023.2 (Build 4023990 on Oct 11 2023)
* Project:        Bit_linear
* Solution:       solution1 (Vivado IP Flow Target)
* Product family: virtexuplus
* Target device:  xcvu11p-flga2577-1-e


================================================================
== Performance Estimates
================================================================
+ Timing: 
    * Summary: 
    +--------+----------+----------+------------+
    |  Clock |  Target  | Estimated| Uncertainty|
    +--------+----------+----------+------------+
    |ap_clk  |  10.00 ns|  4.260 ns|     2.70 ns|
    +--------+----------+----------+------------+

+ Latency: 
    * Summary: 
    +---------+---------+-----------+-----------+-----+-----+---------+
    |  Latency (cycles) |   Latency (absolute)  |  Interval | Pipeline|
    |   min   |   max   |    min    |    max    | min | max |   Type  |
    +---------+---------+-----------+-----------+-----+-----+---------+
    |        4|        4|  40.000 ns|  40.000 ns|    1|    1|      yes|
    +---------+---------+-----------+-----------+-----+-----+---------+

    + Detail: 
        * Instance: 
        N/A

        * Loop: 
        N/A



================================================================
== Utilization Estimates
================================================================
* Summary: 
+---------------------+---------+------+---------+---------+-----+
|         Name        | BRAM_18K|  DSP |    FF   |   LUT   | URAM|
+---------------------+---------+------+---------+---------+-----+
|DSP                  |        -|     -|        -|        -|    -|
|Expression           |        -|     -|        0|      471|    -|
|FIFO                 |        -|     -|        -|        -|    -|
|Instance             |        -|     -|        -|        -|    -|
|Memory               |        -|     -|        -|        -|    -|
|Multiplexer          |        -|     -|        -|       14|    -|
|Register             |        -|     -|      577|       32|    -|
+---------------------+---------+------+---------+---------+-----+
|Total                |        0|     0|      577|      517|    0|
+---------------------+---------+------+---------+---------+-----+
|Available SLR        |     1344|  3072|   864000|   432000|  320|
+---------------------+---------+------+---------+---------+-----+
|Utilization SLR (%)  |        0|     0|       ~0|       ~0|    0|
+---------------------+---------+------+---------+---------+-----+
|Available            |     4032|  9216|  2592000|  1296000|  960|
+---------------------+---------+------+---------+---------+-----+
|Utilization (%)      |        0|     0|       ~0|       ~0|    0|
+---------------------+---------+------+---------+---------+-----+

+ Detail: 
    * Instance: 
    +--------------------------------+-----------------------------+---------+----+---+----+-----+
    |            Instance            |            Module           | BRAM_18K| DSP| FF| LUT| URAM|
    +--------------------------------+-----------------------------+---------+----+---+----+-----+
    |fcmp_32ns_32ns_1_2_no_dsp_0_U1  |fcmp_32ns_32ns_1_2_no_dsp_0  |        0|   0|  0|   0|    0|
    |fcmp_32ns_32ns_1_2_no_dsp_0_U2  |fcmp_32ns_32ns_1_2_no_dsp_0  |        0|   0|  0|   0|    0|
    |fcmp_32ns_32ns_1_2_no_dsp_0_U3  |fcmp_32ns_32ns_1_2_no_dsp_0  |        0|   0|  0|   0|    0|
    |fcmp_32ns_32ns_1_2_no_dsp_0_U4  |fcmp_32ns_32ns_1_2_no_dsp_0  |        0|   0|  0|   0|    0|
    +--------------------------------+-----------------------------+---------+----+---+----+-----+
    |Total                           |                             |        0|   0|  0|   0|    0|
    +--------------------------------+-----------------------------+---------+----+---+----+-----+

    * DSP: 
    N/A

    * Memory: 
    N/A

    * FIFO: 
    N/A

    * Expression: 
    +------------------------+----------+----+---+----+------------+------------+
    |      Variable Name     | Operation| DSP| FF| LUT| Bitwidth P0| Bitwidth P1|
    +------------------------+----------+----+---+----+------------+------------+
    |and_ln22_1_fu_225_p2    |       and|   0|  0|   2|           1|           1|
    |and_ln22_2_fu_231_p2    |       and|   0|  0|   2|           1|           1|
    |and_ln22_3_fu_329_p2    |       and|   0|  0|   2|           1|           1|
    |and_ln22_4_fu_335_p2    |       and|   0|  0|   2|           1|           1|
    |and_ln22_5_fu_433_p2    |       and|   0|  0|   2|           1|           1|
    |and_ln22_6_fu_439_p2    |       and|   0|  0|   2|           1|           1|
    |and_ln22_fu_126_p2      |       and|   0|  0|   2|           1|           1|
    |icmp_ln22_10_fu_382_p2  |      icmp|   0|  0|  15|           8|           2|
    |icmp_ln22_11_fu_388_p2  |      icmp|   0|  0|  30|          23|           1|
    |icmp_ln22_12_fu_415_p2  |      icmp|   0|  0|  15|           8|           2|
    |icmp_ln22_13_fu_421_p2  |      icmp|   0|  0|  30|          23|           1|
    |icmp_ln22_1_fu_116_p2   |      icmp|   0|  0|  30|          23|           1|
    |icmp_ln22_2_fu_174_p2   |      icmp|   0|  0|  15|           8|           2|
    |icmp_ln22_3_fu_180_p2   |      icmp|   0|  0|  30|          23|           1|
    |icmp_ln22_4_fu_207_p2   |      icmp|   0|  0|  15|           8|           2|
    |icmp_ln22_5_fu_213_p2   |      icmp|   0|  0|  30|          23|           1|
    |icmp_ln22_6_fu_278_p2   |      icmp|   0|  0|  15|           8|           2|
    |icmp_ln22_7_fu_284_p2   |      icmp|   0|  0|  30|          23|           1|
    |icmp_ln22_8_fu_311_p2   |      icmp|   0|  0|  15|           8|           2|
    |icmp_ln22_9_fu_317_p2   |      icmp|   0|  0|  30|          23|           1|
    |icmp_ln22_fu_110_p2     |      icmp|   0|  0|  15|           8|           2|
    |or_ln22_1_fu_203_p2     |        or|   0|  0|   2|           1|           1|
    |or_ln22_2_fu_219_p2     |        or|   0|  0|   2|           1|           1|
    |or_ln22_3_fu_307_p2     |        or|   0|  0|   2|           1|           1|
    |or_ln22_4_fu_323_p2     |        or|   0|  0|   2|           1|           1|
    |or_ln22_5_fu_411_p2     |        or|   0|  0|   2|           1|           1|
    |or_ln22_6_fu_427_p2     |        or|   0|  0|   2|           1|           1|
    |or_ln22_fu_122_p2       |        or|   0|  0|   2|           1|           1|
    |grp_fu_63_p1            |    select|   0|  0|  32|           1|          32|
    |grp_fu_67_p1            |    select|   0|  0|  32|           1|          32|
    |grp_fu_71_p1            |    select|   0|  0|  32|           1|          32|
    |max_val_7_fu_445_p3     |    select|   0|  0|  32|           1|          32|
    +------------------------+----------+----+---+----+------------+------------+
    |Total                   |          |   0|  0| 471|         235|         163|
    +------------------------+----------+----+---+----+------------+------------+

    * Multiplexer: 
    +-----------+----+-----------+-----+-----------+
    |    Name   | LUT| Input Size| Bits| Total Bits|
    +-----------+----+-----------+-----+-----------+
    |ap_return  |  14|          3|   32|         96|
    +-----------+----+-----------+-----+-----------+
    |Total      |  14|          3|   32|         96|
    +-----------+----+-----------+-----+-----------+

    * Register: 
    +--------------------------------------+----+----+-----+-----------+
    |                 Name                 | FF | LUT| Bits| Const Bits|
    +--------------------------------------+----+----+-----+-----------+
    |abs_val_1_reg_489                     |  31|   0|   32|          1|
    |abs_val_2_reg_512                     |  31|   0|   32|          1|
    |abs_val_3_reg_535                     |  31|   0|   32|          1|
    |abs_val_reg_466                       |  31|   0|   32|          1|
    |ap_ce_reg                             |   1|   0|    1|          0|
    |ap_return_int_reg                     |  31|   0|   32|          1|
    |arr_0_val_int_reg                     |  32|   0|   32|          0|
    |arr_1_val_int_reg                     |  32|   0|   32|          0|
    |arr_1_val_read_reg_461                |  32|   0|   32|          0|
    |arr_2_val_int_reg                     |  32|   0|   32|          0|
    |arr_2_val_read_reg_456                |  32|   0|   32|          0|
    |arr_2_val_read_reg_456_pp0_iter1_reg  |  32|   0|   32|          0|
    |arr_3_val_int_reg                     |  32|   0|   32|          0|
    |arr_3_val_read_reg_451                |  32|   0|   32|          0|
    |icmp_ln22_10_reg_541                  |   1|   0|    1|          0|
    |icmp_ln22_11_reg_546                  |   1|   0|    1|          0|
    |icmp_ln22_1_reg_477                   |   1|   0|    1|          0|
    |icmp_ln22_2_reg_495                   |   1|   0|    1|          0|
    |icmp_ln22_3_reg_500                   |   1|   0|    1|          0|
    |icmp_ln22_6_reg_518                   |   1|   0|    1|          0|
    |icmp_ln22_7_reg_523                   |   1|   0|    1|          0|
    |icmp_ln22_reg_472                     |   1|   0|    1|          0|
    |max_val_1_reg_482                     |  31|   0|   32|          1|
    |max_val_3_reg_505                     |  31|   0|   32|          1|
    |max_val_5_reg_528                     |  31|   0|   32|          1|
    |arr_3_val_read_reg_451                |  64|  32|   32|          0|
    +--------------------------------------+----+----+-----+-----------+
    |Total                                 | 577|  32|  553|          8|
    +--------------------------------------+----+----+-----+-----------+



================================================================
== Interface
================================================================
* Summary: 
+-----------+-----+-----+------------+--------------+--------------+
| RTL Ports | Dir | Bits|  Protocol  | Source Object|    C Type    |
+-----------+-----+-----+------------+--------------+--------------+
|ap_clk     |   in|    1|  ap_ctrl_hs|  find_max_abs|  return value|
|ap_rst     |   in|    1|  ap_ctrl_hs|  find_max_abs|  return value|
|ap_return  |  out|   32|  ap_ctrl_hs|  find_max_abs|  return value|
|ap_ce      |   in|    1|  ap_ctrl_hs|  find_max_abs|  return value|
|arr_0_val  |   in|   32|     ap_none|     arr_0_val|        scalar|
|arr_1_val  |   in|   32|     ap_none|     arr_1_val|        scalar|
|arr_2_val  |   in|   32|     ap_none|     arr_2_val|        scalar|
|arr_3_val  |   in|   32|     ap_none|     arr_3_val|        scalar|
+-----------+-----+-----+------------+--------------+--------------+

