This is pdfTeX, Version 3.141592653-2.6-1.40.25 (TeX Live 2023/Debian) (preloaded format=pdflatex 2024.5.4)  23 AUG 2024 00:03
entering extended mode
 restricted \write18 enabled.
 %&-line parsing enabled.
**literature_review.tex
(./literature_review.tex
LaTeX2e <2023-11-01> patch level 1
L3 programming layer <2024-01-22>
(/usr/share/texlive/texmf-dist/tex/latex/base/report.cls
Document Class: report 2023/05/17 v1.4n Standard LaTeX document class
(/usr/share/texlive/texmf-dist/tex/latex/base/size10.clo
File: size10.clo 2023/05/17 v1.4n Standard LaTeX file (size option)
)
\c@part=\count187
\c@chapter=\count188
\c@section=\count189
\c@subsection=\count190
\c@subsubsection=\count191
\c@paragraph=\count192
\c@subparagraph=\count193
\c@figure=\count194
\c@table=\count195
\abovecaptionskip=\skip48
\belowcaptionskip=\skip49
\bibindent=\dimen140
)
(/usr/share/texlive/texmf-dist/tex/latex/base/inputenc.sty
Package: inputenc 2021/02/14 v1.3d Input encoding file
\inpenc@prehook=\toks17
\inpenc@posthook=\toks18
)
(/usr/share/texlive/texmf-dist/tex/latex/cite/cite.sty
LaTeX Info: Redefining \cite on input line 302.
LaTeX Info: Redefining \nocite on input line 332.
Package: cite 2015/02/27  v 5.5
)
(/usr/share/texlive/texmf-dist/tex/latex/xcolor/xcolor.sty
Package: xcolor 2023/11/15 v3.01 LaTeX color extensions (UK)

(/usr/share/texlive/texmf-dist/tex/latex/graphics-cfg/color.cfg
File: color.cfg 2016/01/02 v1.6 sample color configuration
)
Package xcolor Info: Driver file: pdftex.def on input line 274.

(/usr/share/texlive/texmf-dist/tex/latex/graphics-def/pdftex.def
File: pdftex.def 2022/09/22 v1.2b Graphics/color driver for pdftex
)
(/usr/share/texlive/texmf-dist/tex/latex/graphics/mathcolor.ltx)
Package xcolor Info: Model `cmy' substituted by `cmy0' on input line 1350.
Package xcolor Info: Model `hsb' substituted by `rgb' on input line 1354.
Package xcolor Info: Model `RGB' extended on input line 1366.
Package xcolor Info: Model `HTML' substituted by `rgb' on input line 1368.
Package xcolor Info: Model `Hsb' substituted by `hsb' on input line 1369.
Package xcolor Info: Model `tHsb' substituted by `hsb' on input line 1370.
Package xcolor Info: Model `HSB' substituted by `hsb' on input line 1371.
Package xcolor Info: Model `Gray' substituted by `gray' on input line 1372.
Package xcolor Info: Model `wave' substituted by `hsb' on input line 1373.
)
(/usr/share/texlive/texmf-dist/tex/generic/soul/soul.sty
Package: soul 2023-06-14 v3.1 Permit use of UTF-8 characters in soul (HO)

(/usr/share/texlive/texmf-dist/tex/generic/soul/soul-ori.sty
Package: soul-ori 2023-06-14 v3.1 letterspacing/underlining (mf)
\SOUL@word=\toks19
\SOUL@lasttoken=\toks20
\SOUL@syllable=\toks21
\SOUL@cmds=\toks22
\SOUL@buffer=\toks23
\SOUL@token=\toks24
\SOUL@syllgoal=\dimen141
\SOUL@syllwidth=\dimen142
\SOUL@charkern=\dimen143
\SOUL@hyphkern=\dimen144
\SOUL@dimen=\dimen145
\SOUL@dimeni=\dimen146
\SOUL@minus=\count196
\SOUL@comma=\count197
\SOUL@apo=\count198
\SOUL@grave=\count199
\SOUL@spaceskip=\skip50
\SOUL@ttwidth=\dimen147
\SOUL@uldp=\dimen148
\SOUL@ulht=\dimen149
)
(/usr/share/texlive/texmf-dist/tex/generic/infwarerr/infwarerr.sty
Package: infwarerr 2019/12/03 v1.5 Providing info/warning/error messages (HO)
)
(/usr/share/texlive/texmf-dist/tex/generic/etexcmds/etexcmds.sty
Package: etexcmds 2019/12/15 v1.7 Avoid name clashes with e-TeX commands (HO)

(/usr/share/texlive/texmf-dist/tex/generic/iftex/iftex.sty
Package: iftex 2022/02/03 v1.0f TeX engine tests
)))
(/usr/share/texlive/texmf-dist/tex/latex/hyperref/hyperref.sty
Package: hyperref 2024-01-20 v7.01h Hypertext links for LaTeX

(/usr/share/texlive/texmf-dist/tex/latex/graphics/keyval.sty
Package: keyval 2022/05/29 v1.15 key=value parser (DPC)
\KV@toks@=\toks25
)
(/usr/share/texlive/texmf-dist/tex/latex/kvsetkeys/kvsetkeys.sty
Package: kvsetkeys 2022-10-05 v1.19 Key value parser (HO)
)
(/usr/share/texlive/texmf-dist/tex/generic/kvdefinekeys/kvdefinekeys.sty
Package: kvdefinekeys 2019-12-19 v1.6 Define keys (HO)
)
(/usr/share/texlive/texmf-dist/tex/generic/pdfescape/pdfescape.sty
Package: pdfescape 2019/12/09 v1.15 Implements pdfTeX's escape features (HO)

(/usr/share/texlive/texmf-dist/tex/generic/ltxcmds/ltxcmds.sty
Package: ltxcmds 2023-12-04 v1.26 LaTeX kernel commands for general use (HO)
)
(/usr/share/texlive/texmf-dist/tex/generic/pdftexcmds/pdftexcmds.sty
Package: pdftexcmds 2020-06-27 v0.33 Utility functions of pdfTeX for LuaTeX (HO
)
Package pdftexcmds Info: \pdf@primitive is available.
Package pdftexcmds Info: \pdf@ifprimitive is available.
Package pdftexcmds Info: \pdfdraftmode found.
))
(/usr/share/texlive/texmf-dist/tex/latex/hycolor/hycolor.sty
Package: hycolor 2020-01-27 v1.10 Color options for hyperref/bookmark (HO)
)
(/usr/share/texlive/texmf-dist/tex/latex/auxhook/auxhook.sty
Package: auxhook 2019-12-17 v1.6 Hooks for auxiliary files (HO)
)
(/usr/share/texlive/texmf-dist/tex/latex/hyperref/nameref.sty
Package: nameref 2023-11-26 v2.56 Cross-referencing by name of section

(/usr/share/texlive/texmf-dist/tex/latex/refcount/refcount.sty
Package: refcount 2019/12/15 v3.6 Data extraction from label references (HO)
)
(/usr/share/texlive/texmf-dist/tex/generic/gettitlestring/gettitlestring.sty
Package: gettitlestring 2019/12/15 v1.6 Cleanup title references (HO)

(/usr/share/texlive/texmf-dist/tex/latex/kvoptions/kvoptions.sty
Package: kvoptions 2022-06-15 v3.15 Key value format for package options (HO)
))
\c@section@level=\count266
)
(/usr/share/texlive/texmf-dist/tex/latex/etoolbox/etoolbox.sty
Package: etoolbox 2020/10/05 v2.5k e-TeX tools for LaTeX (JAW)
\etb@tempcnta=\count267
)
\@linkdim=\dimen150
\Hy@linkcounter=\count268
\Hy@pagecounter=\count269

(/usr/share/texlive/texmf-dist/tex/latex/hyperref/pd1enc.def
File: pd1enc.def 2024-01-20 v7.01h Hyperref: PDFDocEncoding definition (HO)
Now handling font encoding PD1 ...
... no UTF-8 mapping file for font encoding PD1
)
(/usr/share/texlive/texmf-dist/tex/generic/intcalc/intcalc.sty
Package: intcalc 2019/12/15 v1.3 Expandable calculations with integers (HO)
)
\Hy@SavedSpaceFactor=\count270

(/usr/share/texlive/texmf-dist/tex/latex/hyperref/puenc.def
File: puenc.def 2024-01-20 v7.01h Hyperref: PDF Unicode definition (HO)
Now handling font encoding PU ...
... no UTF-8 mapping file for font encoding PU
)
Package hyperref Info: Option `colorlinks' set `true' on input line 4062.
Package hyperref Info: Hyper figures OFF on input line 4179.
Package hyperref Info: Link nesting OFF on input line 4184.
Package hyperref Info: Hyper index ON on input line 4187.
Package hyperref Info: Plain pages OFF on input line 4194.
Package hyperref Info: Backreferencing OFF on input line 4199.
Package hyperref Info: Implicit mode ON; LaTeX internals redefined.
Package hyperref Info: Bookmarks ON on input line 4446.
\c@Hy@tempcnt=\count271

(/usr/share/texlive/texmf-dist/tex/latex/url/url.sty
\Urlmuskip=\muskip16
Package: url 2013/09/16  ver 3.4  Verb mode for urls, etc.
)
LaTeX Info: Redefining \url on input line 4784.
\XeTeXLinkMargin=\dimen151

(/usr/share/texlive/texmf-dist/tex/generic/bitset/bitset.sty
Package: bitset 2019/12/09 v1.3 Handle bit-vector datatype (HO)

(/usr/share/texlive/texmf-dist/tex/generic/bigintcalc/bigintcalc.sty
Package: bigintcalc 2019/12/15 v1.5 Expandable calculations on big integers (HO
)
))
\Fld@menulength=\count272
\Field@Width=\dimen152
\Fld@charsize=\dimen153
Package hyperref Info: Hyper figures OFF on input line 6063.
Package hyperref Info: Link nesting OFF on input line 6068.
Package hyperref Info: Hyper index ON on input line 6071.
Package hyperref Info: backreferencing OFF on input line 6078.
Package hyperref Info: Link coloring ON on input line 6081.
Package hyperref Info: Link coloring with OCG OFF on input line 6088.
Package hyperref Info: PDF/A mode OFF on input line 6093.

(/usr/share/texlive/texmf-dist/tex/latex/base/atbegshi-ltx.sty
Package: atbegshi-ltx 2021/01/10 v1.0c Emulation of the original atbegshi
package with kernel methods
)
\Hy@abspage=\count273
\c@Item=\count274
\c@Hfootnote=\count275
)
Package hyperref Info: Driver (autodetected): hpdftex.

(/usr/share/texlive/texmf-dist/tex/latex/hyperref/hpdftex.def
File: hpdftex.def 2024-01-20 v7.01h Hyperref driver for pdfTeX

(/usr/share/texlive/texmf-dist/tex/latex/base/atveryend-ltx.sty
Package: atveryend-ltx 2020/08/19 v1.0a Emulation of the original atveryend pac
kage
with kernel methods
)
\Fld@listcount=\count276
\c@bookmark@seq@number=\count277

(/usr/share/texlive/texmf-dist/tex/latex/rerunfilecheck/rerunfilecheck.sty
Package: rerunfilecheck 2022-07-10 v1.10 Rerun checks for auxiliary files (HO)

(/usr/share/texlive/texmf-dist/tex/generic/uniquecounter/uniquecounter.sty
Package: uniquecounter 2019/12/15 v1.4 Provide unlimited unique counter (HO)
)
Package uniquecounter Info: New unique counter `rerunfilecheck' on input line 2
85.
)
\Hy@SectionHShift=\skip51
)
(/usr/share/texlive/texmf-dist/tex/latex/l3backend/l3backend-pdftex.def
File: l3backend-pdftex.def 2024-01-04 L3 backend support: PDF output (pdfTeX)
\l__color_backend_stack_int=\count278
\l__pdf_internal_box=\box51
)
(./literature_review.aux)
\openout1 = `literature_review.aux'.

LaTeX Font Info:    Checking defaults for OML/cmm/m/it on input line 15.
LaTeX Font Info:    ... okay on input line 15.
LaTeX Font Info:    Checking defaults for OMS/cmsy/m/n on input line 15.
LaTeX Font Info:    ... okay on input line 15.
LaTeX Font Info:    Checking defaults for OT1/cmr/m/n on input line 15.
LaTeX Font Info:    ... okay on input line 15.
LaTeX Font Info:    Checking defaults for T1/cmr/m/n on input line 15.
LaTeX Font Info:    ... okay on input line 15.
LaTeX Font Info:    Checking defaults for TS1/cmr/m/n on input line 15.
LaTeX Font Info:    ... okay on input line 15.
LaTeX Font Info:    Checking defaults for OMX/cmex/m/n on input line 15.
LaTeX Font Info:    ... okay on input line 15.
LaTeX Font Info:    Checking defaults for U/cmr/m/n on input line 15.
LaTeX Font Info:    ... okay on input line 15.
LaTeX Font Info:    Checking defaults for PD1/pdf/m/n on input line 15.
LaTeX Font Info:    ... okay on input line 15.
LaTeX Font Info:    Checking defaults for PU/pdf/m/n on input line 15.
LaTeX Font Info:    ... okay on input line 15.

(/usr/share/texlive/texmf-dist/tex/context/base/mkii/supp-pdf.mkii
[Loading MPS to PDF converter (version 2006.09.02).]
\scratchcounter=\count279
\scratchdimen=\dimen154
\scratchbox=\box52
\nofMPsegments=\count280
\nofMParguments=\count281
\everyMPshowfont=\toks26
\MPscratchCnt=\count282
\MPscratchDim=\dimen155
\MPnumerator=\count283
\makeMPintoPDFobject=\count284
\everyMPtoPDFconversion=\toks27
)
Package hyperref Info: Link coloring ON on input line 15.
 (./literature_review.out) (./literature_review.out)
\@outlinefile=\write3
\openout3 = `literature_review.out'.

LaTeX Font Info:    External font `cmex10' loaded for size
(Font)              <12> on input line 18.
LaTeX Font Info:    External font `cmex10' loaded for size
(Font)              <8> on input line 18.
LaTeX Font Info:    External font `cmex10' loaded for size
(Font)              <6> on input line 18.
 [1

{/var/lib/texmf/fonts/map/pdftex/updmap/pdftex.map}] (./literature_review.toc
LaTeX Font Info:    External font `cmex10' loaded for size
(Font)              <7> on input line 2.
LaTeX Font Info:    External font `cmex10' loaded for size
(Font)              <5> on input line 2.

pdfTeX warning (ext4): destination with the same identifier (name{page.1}) has 
been already used, duplicate ignored
<to be read again> 
                   \relax 
l.36 ...ation Study Results}{16}{subsection.2.7.4}
                                                  % [1

]
Overfull \hbox (3.59273pt too wide) in paragraph at lines 58--58
 [] [][][]\OT1/cmr/bx/n/10 Training data-efficient im-age trans-form-ers & dis-
til-la-tion through 
 []

[2] [3])
\tf@toc=\write4
\openout4 = `literature_review.toc'.

 [4]
Chapter 1.

Package hyperref Warning: Token not allowed in a PDF string (Unicode):
(hyperref)                removing `\@ifnextchar' on input line 20.

[5

] [6] [7] [8{/usr/share/texmf/fonts/enc/dvips/cm-super/cm-super-ts1.enc}]
Overfull \hbox (21.75058pt too wide) in paragraph at lines 127--128
[]\OT1/cmr/m/n/10 ReActNet (ResNet-34 back-bone): Achieved 67.5% top-1 ac-cu-ra
cy on ImageNet-
 []


Overfull \hbox (3.91226pt too wide) in paragraph at lines 149--150
[]\OT1/cmr/bx/n/10 Affine Trans-for-ma-tions: \OT1/cmr/m/n/10 In-tro-duc-ing af
fine trans-for-ma-tions be-fore resid-
 []

[9] [10]
Chapter 2.

Package hyperref Warning: Token not allowed in a PDF string (Unicode):
(hyperref)                removing `\@ifnextchar' on input line 199.

[11

] [12] [13]
Overfull \hbox (0.6673pt too wide) in paragraph at lines 289--290
\OT1/cmr/m/n/10 that specif-i-cally ad-dress the lim-i-ta-tions of Vi-sion Tran
s-form-ers on small datasets.
 []

[14]
Overfull \hbox (1.83394pt too wide) in paragraph at lines 324--325
\OT1/cmr/m/n/10 datasets like Im-a-geNet, al-though their pri-mary ben-e-fit is
 seen in smaller datasets. 
 []

[15]
Overfull \hbox (3.52724pt too wide) in paragraph at lines 371--372
\OT1/cmr/m/n/10 sev-eral state-of-the-art (SOTA) mod-els, in-clud-ing CNN-based
 mod-els like ResNet
 []

[16]
Overfull \hbox (6.19174pt too wide) in paragraph at lines 394--395
\OT1/cmr/m/n/10 datasets, SPT and LSA also im-prove ViT per-for-mance on mid-si
zed datasets
 []

[17]
Chapter 3.

Package hyperref Warning: Token not allowed in a PDF string (Unicode):
(hyperref)                removing `\@ifnextchar' on input line 415.


Overfull \hbox (11.83292pt too wide) in paragraph at lines 421--421
[]\OT1/cmr/bx/n/14.4 Data Aug-men-ta-tion and Reg-u-lar-iza-tion ("Au-
 []

[18

]
Overfull \hbox (7.14288pt too wide) in paragraph at lines 438--438
[]\OT1/cmr/bx/n/14.4 Trade-offs Be-tween Data, Aug-men-ta-tion, and
 []

[19]
Overfull \hbox (1.78958pt too wide) in paragraph at lines 456--456
[]\OT1/cmr/bx/n/14.4 Regularization Tech-niques and Their Im-pact 
 []

[20] [21] [22]
Chapter 4.

Package hyperref Warning: Token not allowed in a PDF string (Unicode):
(hyperref)                removing `\@ifnextchar' on input line 541.

[23

] [24]
Overfull \hbox (1.22287pt too wide) in paragraph at lines 588--589
\OT1/cmr/m/n/10 dis-til-la-tion pro-cess, mak-ing the trans-former per-form bet
-ter on im-age recog-
 []


Overfull \hbox (1.33392pt too wide) in paragraph at lines 596--597
\OT1/cmr/m/n/10 that re-quired mas-sive datasets and sig-nif-i-cant com-pu-ta-t
ional re-sources to achieve
 []

[25]
Overfull \hbox (8.89508pt too wide) in paragraph at lines 627--628
[]\OT1/cmr/bx/n/10 DeiT-S \OT1/cmr/m/n/10 achieves higher through-put than many
 large CNNs like EfficientNet-
 []

[26]
Overfull \hbox (5.15169pt too wide) in paragraph at lines 670--671
\OT1/cmr/bx/n/10 top-1 ac-cu-racy\OT1/cmr/m/n/10 , sur-pass-ing many state-of-t
he-art CNN mod-els like ResNet
 []


Overfull \hbox (2.51114pt too wide) in paragraph at lines 676--676
[]\OT1/cmr/bx/n/12 Distillation Through At-ten-tion En-hances Model Per-
 []

[27]
Overfull \hbox (1.8125pt too wide) in paragraph at lines 689--689
[]\OT1/cmr/bx/n/12 Improved Through-put and Com-pu-ta-tional Ef-fi-ciency 
 []

[28]
Overfull \hbox (0.74716pt too wide) in paragraph at lines 725--726
[]\OT1/cmr/bx/n/10 DeiT-B achieves 99.1% ac-cu-racy on CIFAR-10, 91.4% on CIFAR
-
 []


Overfull \hbox (8.58392pt too wide) in paragraph at lines 728--729
[]\OT1/cmr/m/n/10 The mod-els also per-form well on fine-grained clas-si-fi-ca-
tion tasks and datasets
 []

[29] [30]
Chapter 5.

Package hyperref Warning: Token not allowed in a PDF string (Unicode):
(hyperref)                removing `\@ifnextchar' on input line 795.


Overfull \hbox (6.03757pt too wide) in paragraph at lines 804--805
\OT1/cmr/m/n/10 One of the ma-jor con-tri-bu-tions of this work is the in-tro-d
uc-tion of \OT1/cmr/bx/n/10 class-attention
 []

[31

] [32]
Overfull \hbox (3.25143pt too wide) in paragraph at lines 865--866
[]\OT1/cmr/bx/n/10 Faster con-ver-gence \OT1/cmr/m/n/10 dur-ing train-ing com-p
ared to tra-di-tional ViTs, thanks
 []


Overfull \hbox (0.1673pt too wide) in paragraph at lines 881--882
[]\OT1/cmr/m/n/10 When com-bined with class-attention and hard-label dis-til-la
-tion, the deeper
 []

[33] [34]
Chapter 6.

Package hyperref Warning: Token not allowed in a PDF string (Unicode):
(hyperref)                removing `\@ifnextchar' on input line 906.


Overfull \hbox (1.50061pt too wide) in paragraph at lines 907--908
\OT1/cmr/m/n/10 trans-duc-tion tasks like ma-chine trans-la-tion, which re-lies
 en-tirely on self-attention
 []

[35

] [36]
Chapter 7.

Package hyperref Warning: Token not allowed in a PDF string (Unicode):
(hyperref)                removing `\@ifnextchar' on input line 946.

[37

] [38] [39] [40]
Chapter 8.

Package hyperref Warning: Token not allowed in a PDF string (Unicode):
(hyperref)                removing `\@ifnextchar' on input line 1074.

[41

] [42] [43] [44]
Chapter 9.

Package hyperref Warning: Token not allowed in a PDF string (Unicode):
(hyperref)                removing `\@ifnextchar' on input line 1207.

[45

]
Overfull \hbox (1.2228pt too wide) in paragraph at lines 1256--1257
\OT1/cmr/m/n/10 Despite the sim-pler ar-chi-tec-ture and fewer com-pu-ta-tions,
 the MatMul-free model
 []

[46] [47] [48]
Chapter 10.

Package hyperref Warning: Token not allowed in a PDF string (Unicode):
(hyperref)                removing `\@ifnextchar' on input line 1353.

[49

] (./literature_review.bbl [50

]) [51] (./literature_review.aux)
 ***********
LaTeX2e <2023-11-01> patch level 1
L3 programming layer <2024-01-22>
 ***********
Package rerunfilecheck Info: File `literature_review.out' has not changed.
(rerunfilecheck)             Checksum: 71A29F3BA11D1C146D3900C1B8B40499;33290.
 ) 
Here is how much of TeX's memory you used:
 9370 strings out of 474222
 143336 string characters out of 5748734
 1940975 words of memory out of 5000000
 31187 multiletter control sequences out of 15000+600000
 564870 words of font info for 58 fonts, out of 8000000 for 9000
 1141 hyphenation exceptions out of 8191
 75i,6n,79p,726b,565s stack positions out of 10000i,1000n,20000p,200000b,200000s
</usr/share/texlive/texmf-dist/fonts/type1/public/amsfonts/cm/cmbx10.pfb></us
r/share/texlive/texmf-dist/fonts/type1/public/amsfonts/cm/cmbx12.pfb></usr/shar
e/texlive/texmf-dist/fonts/type1/public/amsfonts/cm/cmmi10.pfb></usr/share/texl
ive/texmf-dist/fonts/type1/public/amsfonts/cm/cmr10.pfb></usr/share/texlive/tex
mf-dist/fonts/type1/public/amsfonts/cm/cmr12.pfb></usr/share/texlive/texmf-dist
/fonts/type1/public/amsfonts/cm/cmr17.pfb></usr/share/texlive/texmf-dist/fonts/
type1/public/amsfonts/cm/cmr7.pfb></usr/share/texlive/texmf-dist/fonts/type1/pu
blic/amsfonts/cm/cmsy10.pfb></usr/share/texlive/texmf-dist/fonts/type1/public/a
msfonts/cm/cmti10.pfb></usr/share/texmf/fonts/type1/public/cm-super/sfbx1000.pf
b></usr/share/texmf/fonts/type1/public/cm-super/sfrm1000.pfb>
Output written on literature_review.pdf (52 pages, 256044 bytes).
PDF statistics:
 1275 PDF objects out of 1440 (max. 8388607)
 1187 compressed objects within 12 object streams
 352 named destinations out of 1000 (max. 500000)
 1145 words of extra memory for PDF output out of 10000 (max. 10000000)

