

================================================================
== Vitis HLS Report for 'generic_fmax_float_s'
================================================================
* Date:           Mon Jul 29 22:45:42 2024

* Version:        2023.2 (Build 4023990 on Oct 11 2023)
* Project:        Bit_linear
* Solution:       solution1 (Vivado IP Flow Target)
* Product family: virtexuplus
* Target device:  xcvu11p-flga2577-1-e


================================================================
== Performance Estimates
================================================================
+ Timing: 
    * Summary: 
    +--------+----------+----------+------------+
    |  Clock |  Target  | Estimated| Uncertainty|
    +--------+----------+----------+------------+
    |ap_clk  |  10.00 ns|  1.487 ns|     2.70 ns|
    +--------+----------+----------+------------+

+ Latency: 
    * Summary: 
    +---------+---------+----------+----------+-----+-----+---------+
    |  Latency (cycles) |  Latency (absolute) |  Interval | Pipeline|
    |   min   |   max   |    min   |    max   | min | max |   Type  |
    +---------+---------+----------+----------+-----+-----+---------+
    |        0|        0|      0 ns|      0 ns|    1|    1|      yes|
    +---------+---------+----------+----------+-----+-----+---------+

    + Detail: 
        * Instance: 
        N/A

        * Loop: 
        N/A

============================================================
+ Verbose Summary: Synthesis Manager
============================================================
InlineROM: 1
ExposeGlobal: 0
============================================================
+ Verbose Summary: CDFG Model
============================================================
IsTopModel: 0
ResetActiveHigh: 1
IsCombinational: 0
IsDatapathOnly: 0
HasWiredReturn: 1
HasMFsm: 2
HasVarLatency: 0
IsPipeline: 1
IsRtlPipelined: 0
IsInstanceOverlapped: 0
IsDontTouch: 0
HasImplIP: 0
IsGatedGlobalClock: 0

+ Individual pipeline summary: 
  * Pipeline-0: initiation interval (II) = 1, depth = 1


============================================================
+ Verbose Summary: Schedule
============================================================
* Number of FSM states : 1
* Pipeline : 1
  Pipeline-0 : II = 1, D = 1, States = { 1 }
* Dataflow Pipeline: 0

* FSM state transitions: 
1 --> 

* FSM state operations: 

State 1 <SV = 0> <Delay = 1.48>
ST_1 : Operation 2 [1/1] (0.00ns)   --->   "%x_read = read i32 @_ssdm_op_Read.ap_auto.float, i32 %x" [C:\scratch\2023.2\hls_product\689\2023.2\src\shared\hls\clib/src/hls\utils/x_hls_utils.h:288->C:\scratch\2023.2\hls_product\689\2023.2\src\shared\hls\clib/hlsmath/include/FloatingPoint\hls_fmax.h:21]   --->   Operation 2 'read' 'x_read' <Predicate = true> <Delay = 0.00>
ST_1 : Operation 3 [1/1] (0.00ns)   --->   "%data = bitcast i32 %x_read" [C:\scratch\2023.2\hls_product\689\2023.2\src\shared\hls\clib/src/hls\utils/x_hls_utils.h:288->C:\scratch\2023.2\hls_product\689\2023.2\src\shared\hls\clib/hlsmath/include/FloatingPoint\hls_fmax.h:21]   --->   Operation 3 'bitcast' 'data' <Predicate = true> <Delay = 0.00>
ST_1 : Operation 4 [1/1] (0.00ns) (grouped into LUT with out node res)   --->   "%x_fp_sign = bitselect i1 @_ssdm_op_BitSelect.i1.i32.i32, i32 %data, i32 31" [C:\scratch\2023.2\hls_product\689\2023.2\src\shared\hls\clib/src/hls\utils/x_hls_utils.h:294->C:\scratch\2023.2\hls_product\689\2023.2\src\shared\hls\clib/hlsmath/include/FloatingPoint\hls_fmax.h:21]   --->   Operation 4 'bitselect' 'x_fp_sign' <Predicate = true> <Delay = 0.00>
ST_1 : Operation 5 [1/1] (0.00ns)   --->   "%x_fp_exp = partselect i8 @_ssdm_op_PartSelect.i8.i32.i32.i32, i32 %data, i32 23, i32 30" [C:\scratch\2023.2\hls_product\689\2023.2\src\shared\hls\clib/src/hls\utils/x_hls_utils.h:295->C:\scratch\2023.2\hls_product\689\2023.2\src\shared\hls\clib/hlsmath/include/FloatingPoint\hls_fmax.h:21]   --->   Operation 5 'partselect' 'x_fp_exp' <Predicate = true> <Delay = 0.00>
ST_1 : Operation 6 [1/1] (0.00ns)   --->   "%x_fp_sig = trunc i32 %data" [C:\scratch\2023.2\hls_product\689\2023.2\src\shared\hls\clib/src/hls\utils/x_hls_utils.h:296->C:\scratch\2023.2\hls_product\689\2023.2\src\shared\hls\clib/hlsmath/include/FloatingPoint\hls_fmax.h:21]   --->   Operation 6 'trunc' 'x_fp_sig' <Predicate = true> <Delay = 0.00>
ST_1 : Operation 7 [1/1] (0.87ns)   --->   "%icmp_ln18 = icmp_eq  i8 %x_fp_exp, i8 255" [C:\scratch\2023.2\hls_product\689\2023.2\src\shared\hls\clib/hlsmath/include/FloatingPoint/hls_isnan.h:18->C:\scratch\2023.2\hls_product\689\2023.2\src\shared\hls\clib/hlsmath/include/FloatingPoint\hls_fmax.h:27]   --->   Operation 7 'icmp' 'icmp_ln18' <Predicate = true> <Delay = 0.87> <CoreInst = "Cmp">   --->   Core 9 'Cmp' <Latency = 0> <II = 1> <Delay = 0.87> <FuncUnit> <Opcode : 'icmp'> <InPorts = 2> <OutPorts = 1>
ST_1 : Operation 8 [1/1] (1.13ns)   --->   "%icmp_ln18_1 = icmp_ne  i23 %x_fp_sig, i23 0" [C:\scratch\2023.2\hls_product\689\2023.2\src\shared\hls\clib/hlsmath/include/FloatingPoint/hls_isnan.h:18->C:\scratch\2023.2\hls_product\689\2023.2\src\shared\hls\clib/hlsmath/include/FloatingPoint\hls_fmax.h:27]   --->   Operation 8 'icmp' 'icmp_ln18_1' <Predicate = true> <Delay = 1.13> <CoreInst = "Cmp">   --->   Core 9 'Cmp' <Latency = 0> <II = 1> <Delay = 1.13> <FuncUnit> <Opcode : 'icmp'> <InPorts = 2> <OutPorts = 1>
ST_1 : Operation 9 [1/1] (0.00ns) (grouped into LUT with out node res)   --->   "%and_ln18 = and i1 %icmp_ln18, i1 %icmp_ln18_1" [C:\scratch\2023.2\hls_product\689\2023.2\src\shared\hls\clib/hlsmath/include/FloatingPoint/hls_isnan.h:18->C:\scratch\2023.2\hls_product\689\2023.2\src\shared\hls\clib/hlsmath/include/FloatingPoint\hls_fmax.h:27]   --->   Operation 9 'and' 'and_ln18' <Predicate = true> <Delay = 0.00> <CoreInst = "LogicGate">   --->   Core 74 'LogicGate' <Latency = 0> <II = 1> <Delay = 0.14> <FuncUnit> <Opcode : 'and' 'or' 'xor'> <InPorts = 2> <OutPorts = 1>
ST_1 : Operation 10 [1/1] (1.14ns)   --->   "%ymaggreater = icmp_slt  i32 %data, i32 3271557120" [C:\scratch\2023.2\hls_product\689\2023.2\src\shared\hls\clib/hlsmath/include/FloatingPoint\hls_fmax.h:38]   --->   Operation 10 'icmp' 'ymaggreater' <Predicate = true> <Delay = 1.14> <CoreInst = "Cmp">   --->   Core 9 'Cmp' <Latency = 0> <II = 1> <Delay = 1.14> <FuncUnit> <Opcode : 'icmp'> <InPorts = 2> <OutPorts = 1>
ST_1 : Operation 11 [1/1] (0.00ns) (grouped into LUT with out node res)   --->   "%xor_ln39 = xor i1 %ymaggreater, i1 1" [C:\scratch\2023.2\hls_product\689\2023.2\src\shared\hls\clib/hlsmath/include/FloatingPoint\hls_fmax.h:39]   --->   Operation 11 'xor' 'xor_ln39' <Predicate = true> <Delay = 0.00> <CoreInst = "LogicGate">   --->   Core 74 'LogicGate' <Latency = 0> <II = 1> <Delay = 0.14> <FuncUnit> <Opcode : 'and' 'or' 'xor'> <InPorts = 2> <OutPorts = 1>
ST_1 : Operation 12 [1/1] (0.00ns) (grouped into LUT with out node res)   --->   "%ymaggreater_1 = select i1 %x_fp_sign, i1 %xor_ln39, i1 %ymaggreater" [C:\scratch\2023.2\hls_product\689\2023.2\src\shared\hls\clib/hlsmath/include/FloatingPoint\hls_fmax.h:39]   --->   Operation 12 'select' 'ymaggreater_1' <Predicate = true> <Delay = 0.00> <CoreInst = "Sel">   --->   Core 73 'Sel' <Latency = 0> <II = 1> <Delay = 0.34> <FuncUnit> <Opcode : 'select'> <InPorts = 3> <OutPorts = 1>
ST_1 : Operation 13 [1/1] (0.00ns) (grouped into LUT with out node res)   --->   "%or_ln18 = or i1 %and_ln18, i1 %ymaggreater_1" [C:\scratch\2023.2\hls_product\689\2023.2\src\shared\hls\clib/hlsmath/include/FloatingPoint/hls_isnan.h:18->C:\scratch\2023.2\hls_product\689\2023.2\src\shared\hls\clib/hlsmath/include/FloatingPoint\hls_fmax.h:27]   --->   Operation 13 'or' 'or_ln18' <Predicate = true> <Delay = 0.00> <CoreInst = "LogicGate">   --->   Core 74 'LogicGate' <Latency = 0> <II = 1> <Delay = 0.14> <FuncUnit> <Opcode : 'and' 'or' 'xor'> <InPorts = 2> <OutPorts = 1>
ST_1 : Operation 14 [1/1] (0.34ns) (out node of the LUT)   --->   "%res = select i1 %or_ln18, i32 -128, i32 %x_read" [C:\scratch\2023.2\hls_product\689\2023.2\src\shared\hls\clib/hlsmath/include/FloatingPoint/hls_isnan.h:18->C:\scratch\2023.2\hls_product\689\2023.2\src\shared\hls\clib/hlsmath/include/FloatingPoint\hls_fmax.h:27]   --->   Operation 14 'select' 'res' <Predicate = true> <Delay = 0.34> <CoreInst = "Sel">   --->   Core 73 'Sel' <Latency = 0> <II = 1> <Delay = 0.28> <FuncUnit> <Opcode : 'select'> <InPorts = 3> <OutPorts = 1>
ST_1 : Operation 15 [1/1] (0.00ns)   --->   "%ret_ln42 = ret i32 %res" [C:\scratch\2023.2\hls_product\689\2023.2\src\shared\hls\clib/hlsmath/include/FloatingPoint\hls_fmax.h:42]   --->   Operation 15 'ret' 'ret_ln42' <Predicate = true> <Delay = 0.00>


============================================================
+ Verbose Summary: Binding
============================================================
STG Binding: 
---------------- STG Properties BEGIN ----------------
- Is combinational: 1
- Is one-state seq: 0
- Is datapath-only: 0
- Is pipelined: 1
- Is top level: 0
Port [ Return ] is wired: 1; IO mode=ap_ctrl_hs:ce=0
Port [ x]:  wired=1; compound=0; hidden=0; nouse=0; global=0; static=0; extern=0; dir=0; type=0; pingpong=0; private_global=0; IO mode=ap_none:ce=0
---------------- STG Properties END ------------------

---------------- Datapath Model BEGIN ----------------

<LifeTime>
<method=bitvector/>
x_read        (read      ) [ 00]
data          (bitcast   ) [ 00]
x_fp_sign     (bitselect ) [ 00]
x_fp_exp      (partselect) [ 00]
x_fp_sig      (trunc     ) [ 00]
icmp_ln18     (icmp      ) [ 00]
icmp_ln18_1   (icmp      ) [ 00]
and_ln18      (and       ) [ 00]
ymaggreater   (icmp      ) [ 00]
xor_ln39      (xor       ) [ 00]
ymaggreater_1 (select    ) [ 00]
or_ln18       (or        ) [ 00]
res           (select    ) [ 00]
ret_ln42      (ret       ) [ 00]
</LifeTime>

<model>

<comp_list>
<comp id="0" class="1000" name="x">
<pin_list>
<pin id="1" dir="1" index="0" bw="1" slack="0"/>
</pin_list>
<bind>
<StgValue><ssdm name="x"/></StgValue>
</bind>
</comp>

<comp id="2" class="1001" name="const_2">
<pin_list>
<pin id="3" dir="1" index="0" bw="1" slack="0"/>
</pin_list>
<bind>
<StgValue><ssdm name="_ssdm_op_Read.ap_auto.float"/></StgValue>
</bind>
</comp>

<comp id="4" class="1001" name="const_4">
<pin_list>
<pin id="5" dir="1" index="0" bw="1" slack="0"/>
</pin_list>
<bind>
<StgValue><ssdm name="_ssdm_op_BitSelect.i1.i32.i32"/></StgValue>
</bind>
</comp>

<comp id="6" class="1001" name="const_6">
<pin_list>
<pin id="7" dir="1" index="0" bw="1" slack="0"/>
</pin_list>
<bind>
<StgValue><ssdm name=""/></StgValue>
</bind>
</comp>

<comp id="8" class="1001" name="const_8">
<pin_list>
<pin id="9" dir="1" index="0" bw="1" slack="0"/>
</pin_list>
<bind>
<StgValue><ssdm name="_ssdm_op_PartSelect.i8.i32.i32.i32"/></StgValue>
</bind>
</comp>

<comp id="10" class="1001" name="const_10">
<pin_list>
<pin id="11" dir="1" index="0" bw="1" slack="0"/>
</pin_list>
<bind>
<StgValue><ssdm name=""/></StgValue>
</bind>
</comp>

<comp id="12" class="1001" name="const_12">
<pin_list>
<pin id="13" dir="1" index="0" bw="1" slack="0"/>
</pin_list>
<bind>
<StgValue><ssdm name=""/></StgValue>
</bind>
</comp>

<comp id="14" class="1001" name="const_14">
<pin_list>
<pin id="15" dir="1" index="0" bw="1" slack="0"/>
</pin_list>
<bind>
<StgValue><ssdm name=""/></StgValue>
</bind>
</comp>

<comp id="16" class="1001" name="const_16">
<pin_list>
<pin id="17" dir="1" index="0" bw="1" slack="0"/>
</pin_list>
<bind>
<StgValue><ssdm name=""/></StgValue>
</bind>
</comp>

<comp id="18" class="1001" name="const_18">
<pin_list>
<pin id="19" dir="1" index="0" bw="1" slack="0"/>
</pin_list>
<bind>
<StgValue><ssdm name=""/></StgValue>
</bind>
</comp>

<comp id="20" class="1001" name="const_20">
<pin_list>
<pin id="21" dir="1" index="0" bw="1" slack="0"/>
</pin_list>
<bind>
<StgValue><ssdm name=""/></StgValue>
</bind>
</comp>

<comp id="22" class="1001" name="const_22">
<pin_list>
<pin id="23" dir="1" index="0" bw="1" slack="0"/>
</pin_list>
<bind>
<StgValue><ssdm name=""/></StgValue>
</bind>
</comp>

<comp id="24" class="1004" name="x_read_read_fu_24">
<pin_list>
<pin id="25" dir="0" index="0" bw="32" slack="0"/>
<pin id="26" dir="0" index="1" bw="32" slack="0"/>
<pin id="27" dir="1" index="2" bw="32" slack="0"/>
</pin_list>
<bind>
<opcode="read(1150) " fcode="read"/>
<opset="x_read/1 "/>
</bind>
</comp>

<comp id="30" class="1004" name="data_fu_30">
<pin_list>
<pin id="31" dir="0" index="0" bw="32" slack="0"/>
<pin id="32" dir="1" index="1" bw="32" slack="0"/>
</pin_list>
<bind>
<opcode="bitcast(44) " fcode="bitcast"/>
<opset="data/1 "/>
</bind>
</comp>

<comp id="34" class="1004" name="x_fp_sign_fu_34">
<pin_list>
<pin id="35" dir="0" index="0" bw="1" slack="0"/>
<pin id="36" dir="0" index="1" bw="32" slack="0"/>
<pin id="37" dir="0" index="2" bw="6" slack="0"/>
<pin id="38" dir="1" index="3" bw="1" slack="0"/>
</pin_list>
<bind>
<opcode="bitselect(1000) " fcode="bitselect"/>
<opset="x_fp_sign/1 "/>
</bind>
</comp>

<comp id="42" class="1004" name="x_fp_exp_fu_42">
<pin_list>
<pin id="43" dir="0" index="0" bw="8" slack="0"/>
<pin id="44" dir="0" index="1" bw="32" slack="0"/>
<pin id="45" dir="0" index="2" bw="6" slack="0"/>
<pin id="46" dir="0" index="3" bw="6" slack="0"/>
<pin id="47" dir="1" index="4" bw="8" slack="0"/>
</pin_list>
<bind>
<opcode="partselect(1002) " fcode="partselect"/>
<opset="x_fp_exp/1 "/>
</bind>
</comp>

<comp id="52" class="1004" name="x_fp_sig_fu_52">
<pin_list>
<pin id="53" dir="0" index="0" bw="32" slack="0"/>
<pin id="54" dir="1" index="1" bw="23" slack="0"/>
</pin_list>
<bind>
<opcode="trunc(33) " fcode="trunc"/>
<opset="x_fp_sig/1 "/>
</bind>
</comp>

<comp id="56" class="1004" name="icmp_ln18_fu_56">
<pin_list>
<pin id="57" dir="0" index="0" bw="8" slack="0"/>
<pin id="58" dir="0" index="1" bw="1" slack="0"/>
<pin id="59" dir="1" index="2" bw="1" slack="0"/>
</pin_list>
<bind>
<opcode="icmp(45) " fcode="icmp"/>
<opset="icmp_ln18/1 "/>
</bind>
</comp>

<comp id="62" class="1004" name="icmp_ln18_1_fu_62">
<pin_list>
<pin id="63" dir="0" index="0" bw="23" slack="0"/>
<pin id="64" dir="0" index="1" bw="1" slack="0"/>
<pin id="65" dir="1" index="2" bw="1" slack="0"/>
</pin_list>
<bind>
<opcode="icmp(45) " fcode="icmp"/>
<opset="icmp_ln18_1/1 "/>
</bind>
</comp>

<comp id="68" class="1004" name="and_ln18_fu_68">
<pin_list>
<pin id="69" dir="0" index="0" bw="1" slack="0"/>
<pin id="70" dir="0" index="1" bw="1" slack="0"/>
<pin id="71" dir="1" index="2" bw="1" slack="0"/>
</pin_list>
<bind>
<opcode="and(23) " fcode="and"/>
<opset="and_ln18/1 "/>
</bind>
</comp>

<comp id="74" class="1004" name="ymaggreater_fu_74">
<pin_list>
<pin id="75" dir="0" index="0" bw="32" slack="0"/>
<pin id="76" dir="0" index="1" bw="31" slack="0"/>
<pin id="77" dir="1" index="2" bw="1" slack="0"/>
</pin_list>
<bind>
<opcode="icmp(45) " fcode="icmp"/>
<opset="ymaggreater/1 "/>
</bind>
</comp>

<comp id="80" class="1004" name="xor_ln39_fu_80">
<pin_list>
<pin id="81" dir="0" index="0" bw="1" slack="0"/>
<pin id="82" dir="0" index="1" bw="1" slack="0"/>
<pin id="83" dir="1" index="2" bw="1" slack="0"/>
</pin_list>
<bind>
<opcode="xor(25) " fcode="xor"/>
<opset="xor_ln39/1 "/>
</bind>
</comp>

<comp id="86" class="1004" name="ymaggreater_1_fu_86">
<pin_list>
<pin id="87" dir="0" index="0" bw="1" slack="0"/>
<pin id="88" dir="0" index="1" bw="1" slack="0"/>
<pin id="89" dir="0" index="2" bw="1" slack="0"/>
<pin id="90" dir="1" index="3" bw="1" slack="0"/>
</pin_list>
<bind>
<opcode="select(49) " fcode="select"/>
<opset="ymaggreater_1/1 "/>
</bind>
</comp>

<comp id="94" class="1004" name="or_ln18_fu_94">
<pin_list>
<pin id="95" dir="0" index="0" bw="1" slack="0"/>
<pin id="96" dir="0" index="1" bw="1" slack="0"/>
<pin id="97" dir="1" index="2" bw="1" slack="0"/>
</pin_list>
<bind>
<opcode="or(24) " fcode="or"/>
<opset="or_ln18/1 "/>
</bind>
</comp>

<comp id="100" class="1004" name="res_fu_100">
<pin_list>
<pin id="101" dir="0" index="0" bw="1" slack="0"/>
<pin id="102" dir="0" index="1" bw="32" slack="0"/>
<pin id="103" dir="0" index="2" bw="32" slack="0"/>
<pin id="104" dir="1" index="3" bw="32" slack="2147483647"/>
</pin_list>
<bind>
<opcode="select(49) " fcode="select"/>
<opset="res/1 "/>
</bind>
</comp>

</comp_list>

<net_list>
<net id="28"><net_src comp="2" pin="0"/><net_sink comp="24" pin=0"/></net>

<net id="29"><net_src comp="0" pin="0"/><net_sink comp="24" pin=1"/></net>

<net id="33"><net_src comp="24" pin="2"/><net_sink comp="30" pin=0"/></net>

<net id="39"><net_src comp="4" pin="0"/><net_sink comp="34" pin=0"/></net>

<net id="40"><net_src comp="30" pin="1"/><net_sink comp="34" pin=1"/></net>

<net id="41"><net_src comp="6" pin="0"/><net_sink comp="34" pin=2"/></net>

<net id="48"><net_src comp="8" pin="0"/><net_sink comp="42" pin=0"/></net>

<net id="49"><net_src comp="30" pin="1"/><net_sink comp="42" pin=1"/></net>

<net id="50"><net_src comp="10" pin="0"/><net_sink comp="42" pin=2"/></net>

<net id="51"><net_src comp="12" pin="0"/><net_sink comp="42" pin=3"/></net>

<net id="55"><net_src comp="30" pin="1"/><net_sink comp="52" pin=0"/></net>

<net id="60"><net_src comp="42" pin="4"/><net_sink comp="56" pin=0"/></net>

<net id="61"><net_src comp="14" pin="0"/><net_sink comp="56" pin=1"/></net>

<net id="66"><net_src comp="52" pin="1"/><net_sink comp="62" pin=0"/></net>

<net id="67"><net_src comp="16" pin="0"/><net_sink comp="62" pin=1"/></net>

<net id="72"><net_src comp="56" pin="2"/><net_sink comp="68" pin=0"/></net>

<net id="73"><net_src comp="62" pin="2"/><net_sink comp="68" pin=1"/></net>

<net id="78"><net_src comp="30" pin="1"/><net_sink comp="74" pin=0"/></net>

<net id="79"><net_src comp="18" pin="0"/><net_sink comp="74" pin=1"/></net>

<net id="84"><net_src comp="74" pin="2"/><net_sink comp="80" pin=0"/></net>

<net id="85"><net_src comp="20" pin="0"/><net_sink comp="80" pin=1"/></net>

<net id="91"><net_src comp="34" pin="3"/><net_sink comp="86" pin=0"/></net>

<net id="92"><net_src comp="80" pin="2"/><net_sink comp="86" pin=1"/></net>

<net id="93"><net_src comp="74" pin="2"/><net_sink comp="86" pin=2"/></net>

<net id="98"><net_src comp="68" pin="2"/><net_sink comp="94" pin=0"/></net>

<net id="99"><net_src comp="86" pin="3"/><net_sink comp="94" pin=1"/></net>

<net id="105"><net_src comp="94" pin="2"/><net_sink comp="100" pin=0"/></net>

<net id="106"><net_src comp="22" pin="0"/><net_sink comp="100" pin=1"/></net>

<net id="107"><net_src comp="24" pin="2"/><net_sink comp="100" pin=2"/></net>

</net_list>

</model> 
---------------- Datapath Model END ------------------

* FSMD analyzer results:
  - Output states:
 - Input state : 
	Port: generic_fmax<float> : x | {1 }
  - Chain level:
	State 1
		x_fp_sign : 1
		x_fp_exp : 1
		x_fp_sig : 1
		icmp_ln18 : 2
		icmp_ln18_1 : 2
		and_ln18 : 3
		ymaggreater : 1
		xor_ln39 : 2
		ymaggreater_1 : 2
		or_ln18 : 3
		res : 3
		ret_ln42 : 4


============================================================
+ Verbose Summary: Datapath Resource usage 
============================================================

* Functional unit list:
|----------|---------------------|---------|---------|
| Operation|   Functional Unit   |    FF   |   LUT   |
|----------|---------------------|---------|---------|
|          |   icmp_ln18_fu_56   |    0    |    15   |
|   icmp   |  icmp_ln18_1_fu_62  |    0    |    30   |
|          |  ymaggreater_fu_74  |    0    |    39   |
|----------|---------------------|---------|---------|
|  select  | ymaggreater_1_fu_86 |    0    |    2    |
|          |      res_fu_100     |    0    |    32   |
|----------|---------------------|---------|---------|
|    and   |    and_ln18_fu_68   |    0    |    2    |
|----------|---------------------|---------|---------|
|    xor   |    xor_ln39_fu_80   |    0    |    2    |
|----------|---------------------|---------|---------|
|    or    |    or_ln18_fu_94    |    0    |    2    |
|----------|---------------------|---------|---------|
|   read   |  x_read_read_fu_24  |    0    |    0    |
|----------|---------------------|---------|---------|
| bitselect|   x_fp_sign_fu_34   |    0    |    0    |
|----------|---------------------|---------|---------|
|partselect|    x_fp_exp_fu_42   |    0    |    0    |
|----------|---------------------|---------|---------|
|   trunc  |    x_fp_sig_fu_52   |    0    |    0    |
|----------|---------------------|---------|---------|
|   Total  |                     |    0    |   124   |
|----------|---------------------|---------|---------|

Memories:
N/A

* Register list:
N/A

* Multiplexer (MUX) list: 
|--------|------|------|------|--------|
|  Comp  |  Pin | Size |  BW  | S x BW |
|--------|------|------|------|--------|
|  Total |      |      |      |    0   |
|--------|------|------|------|--------|



* Summary:
+-----------+--------+--------+
|           |   FF   |   LUT  |
+-----------+--------+--------+
|  Function |    0   |   124  |
|   Memory  |    -   |    -   |
|Multiplexer|    -   |    -   |
|  Register |    -   |    -   |
+-----------+--------+--------+
|   Total   |    0   |   124  |
+-----------+--------+--------+
