================================================================
== Design Size Report
================================================================

* Total Instructions per Compilation Phase
+---------------+-----------------------------+--------------+----------------------------------------------------------------------------------------+
| Phase         | Step                        | Instructions | Description                                                                            |
+---------------+-----------------------------+--------------+----------------------------------------------------------------------------------------+
| Compile/Link  |                             | 3,589        | After all functions are compiled and linked into a single design                       |
|               |                             |              |                                                                                        |
| Unroll/Inline |                             |              | After user unroll and inline pragmas are applied                                       |
|               | (1) unroll                  | 2,762        | user unroll pragmas are applied                                                        |
|               | (2) simplification          | 1,919        | simplification of applied user unroll pragmas                                          |
|               | (3) inline                  | 1,951        | user inline pragmas are applied                                                        |
|               | (4) simplification          |   556        | simplification of applied user inline pragmas                                          |
|               |                             |              |                                                                                        |
| Array/Struct  |                             |              | After user array partition and struct aggregate/disaggregate pragmas are applied       |
|               | (1) array partition         |   592        | user array partition pragmas are applied                                               |
|               | (2) simplification          |   556        | simplification of applied user array partition & struct aggregate/disaggregate pragmas |
|               | (3) aggregate/disaggregate  |   556        | user struct aggregate/disaggregate pragmas are applied                                 |
|               | (4) array reshape           |   556        | apply array reshape pragmas                                                            |
|               | (5) access patterns         |   556        | array access pattern optmizations                                                      |
|               |                             |              |                                                                                        |
| Performance   |                             |              | After transformations are applied to meet performance pragma targets                   |
|               | (1) loop simplification     |   556        | loop and instruction simplification                                                    |
|               | (2) parallelization         |   556        | loops are unrolled or pipelined to meet performance targets                            |
|               | (3) array partition         |   556        | arrays are partitioned to meet performance targets                                     |
|               | (4) simplification          |   556        | simplification of design after performance transformations                             |
|               |                             |              |                                                                                        |
| HW Transforms |                             |              | After hardware transfomations                                                          |
|               | (1) lowering                |   586        | initial conversion to HW specific instructions                                         |
|               | (2) optimizations           |   588        | high level synthesis optimizations                                                     |
+---------------+-----------------------------+--------------+----------------------------------------------------------------------------------------+

* Instructions per Function for each Compilation Phase
+-------------------------+--------------------+--------------+---------------+---------------+---------------+---------------+
| Function                | Location           | Compile/Link | Unroll/Inline | Array/Struct  | Performance   | HW Transforms |
+-------------------------+--------------------+--------------+---------------+---------------+---------------+---------------+
| + weight_quant          | weight_quant.cpp:6 | 3,589        | 556           | 556           | 556           | 588           |
|    abs_mean             | weight_quant.h:9   |  969         |               |               |               |               |
|    clamp                | weight_quant.h:21  |    6         |               |               |               |               |
|    generic_round<float> | hls_round.h:159    |              | 360 (9 calls) | 360 (9 calls) | 360 (9 calls) | 360 (9 calls) |
+-------------------------+--------------------+--------------+---------------+---------------+---------------+---------------+

* Design Size Message Settings
+---------------------------------------------+--------+------------------------------------------------------------------+
| Message Setting                             | Value  | Description                                                      |
+---------------------------------------------+--------+------------------------------------------------------------------+
| config_compile -design_size_maximum_warning | 100000 | Show a warning when total design instructions exceeds this value |
+---------------------------------------------+--------+------------------------------------------------------------------+


